{"/home/travis/build/npmtest/node-npmtest-htmllint/test.js":{"path":"/home/travis/build/npmtest/node-npmtest-htmllint/test.js","s":{"1":2,"2":2,"3":2,"4":2,"5":2,"6":2,"7":2,"8":1,"9":2,"10":2,"11":1,"12":1,"13":1,"14":1,"15":2,"16":2,"17":2,"18":2,"19":1,"20":1,"21":2,"22":2,"23":2,"24":1,"25":1,"26":1,"27":1,"28":1,"29":1,"30":1,"31":1,"32":1,"33":1,"34":1,"35":1,"36":1,"37":1,"38":1,"39":2,"40":2,"41":1,"42":2,"43":2,"44":1,"45":2,"46":2,"47":1,"48":2,"49":2,"50":1,"51":1,"52":1,"53":1,"54":1},"b":{"1":[2,1,1,1],"2":[1,1,1,1],"3":[1,1],"4":[1,1],"5":[1,1],"6":[1,1],"7":[1,1],"8":[1,1],"9":[1,1],"10":[1,1,1],"11":[1,1],"12":[1,1],"13":[1,1],"14":[1,1],"15":[1,1],"16":[1,1],"17":[1,1]},"f":{"1":2,"2":2,"3":2,"4":2,"5":2,"6":1,"7":1,"8":1,"9":2,"10":2,"11":2,"12":2,"13":1},"fnMap":{"1":{"name":"(anonymous_1)","line":12,"loc":{"start":{"line":12,"column":1},"end":{"line":12,"column":13}}},"2":{"name":"(anonymous_2)","line":19,"loc":{"start":{"line":19,"column":5},"end":{"line":19,"column":17}}},"3":{"name":"(anonymous_3)","line":23,"loc":{"start":{"line":23,"column":24},"end":{"line":23,"column":36}}},"4":{"name":"(anonymous_4)","line":61,"loc":{"start":{"line":61,"column":5},"end":{"line":61,"column":17}}},"5":{"name":"(anonymous_5)","line":82,"loc":{"start":{"line":82,"column":5},"end":{"line":82,"column":17}}},"6":{"name":"(anonymous_6)","line":91,"loc":{"start":{"line":91,"column":77},"end":{"line":94,"column":10}}},"7":{"name":"(anonymous_7)","line":112,"loc":{"start":{"line":112,"column":83},"end":{"line":115,"column":10}},"skip":true},"8":{"name":"(anonymous_8)","line":123,"loc":{"start":{"line":123,"column":77},"end":{"line":126,"column":10}},"skip":true},"9":{"name":"(anonymous_9)","line":139,"loc":{"start":{"line":139,"column":12},"end":{"line":139,"column":40}},"skip":true},"10":{"name":"(anonymous_10)","line":147,"loc":{"start":{"line":147,"column":77},"end":{"line":150,"column":10}},"skip":true},"11":{"name":"(anonymous_11)","line":158,"loc":{"start":{"line":158,"column":83},"end":{"line":161,"column":10}},"skip":true},"12":{"name":"(anonymous_12)","line":169,"loc":{"start":{"line":169,"column":79},"end":{"line":172,"column":10}},"skip":true},"13":{"name":"(anonymous_13)","line":180,"loc":{"start":{"line":180,"column":75},"end":{"line":183,"column":10}},"skip":true}},"statementMap":{"1":{"start":{"line":12,"column":0},"end":{"line":195,"column":5}},"2":{"start":{"line":14,"column":4},"end":{"line":14,"column":14}},"3":{"start":{"line":19,"column":4},"end":{"line":56,"column":9}},"4":{"start":{"line":21,"column":8},"end":{"line":21,"column":19}},"5":{"start":{"line":23,"column":8},"end":{"line":35,"column":13}},"6":{"start":{"line":24,"column":12},"end":{"line":34,"column":13}},"7":{"start":{"line":25,"column":16},"end":{"line":28,"column":30}},"8":{"start":{"line":30,"column":16},"end":{"line":33,"column":27}},"9":{"start":{"line":37,"column":8},"end":{"line":39,"column":21}},"10":{"start":{"line":40,"column":8},"end":{"line":53,"column":9}},"11":{"start":{"line":43,"column":12},"end":{"line":46,"column":14}},"12":{"start":{"line":47,"column":12},"end":{"line":47,"column":18}},"13":{"start":{"line":50,"column":12},"end":{"line":51,"column":33}},"14":{"start":{"line":52,"column":12},"end":{"line":52,"column":18}},"15":{"start":{"line":55,"column":8},"end":{"line":55,"column":35}},"16":{"start":{"line":61,"column":4},"end":{"line":63,"column":9}},"17":{"start":{"line":62,"column":8},"end":{"line":62,"column":15}},"18":{"start":{"line":64,"column":4},"end":{"line":77,"column":5}},"19":{"start":{"line":70,"column":8},"end":{"line":70,"column":14}},"20":{"start":{"line":76,"column":8},"end":{"line":76,"column":14}},"21":{"start":{"line":82,"column":4},"end":{"line":84,"column":9}},"22":{"start":{"line":83,"column":8},"end":{"line":83,"column":15}},"23":{"start":{"line":85,"column":4},"end":{"line":194,"column":5}},"24":{"start":{"line":91,"column":8},"end":{"line":99,"column":10}},"25":{"start":{"line":98,"column":12},"end":{"line":98,"column":35}},"26":{"start":{"line":102,"column":8},"end":{"line":104,"column":63}},"27":{"start":{"line":105,"column":8},"end":{"line":105,"column":14}},"28":{"start":{"line":112,"column":8},"end":{"line":121,"column":10},"skip":true},"29":{"start":{"line":119,"column":12},"end":{"line":119,"column":55},"skip":true},"30":{"start":{"line":120,"column":12},"end":{"line":120,"column":48},"skip":true},"31":{"start":{"line":123,"column":8},"end":{"line":136,"column":10},"skip":true},"32":{"start":{"line":130,"column":12},"end":{"line":130,"column":76},"skip":true},"33":{"start":{"line":131,"column":12},"end":{"line":131,"column":73},"skip":true},"34":{"start":{"line":132,"column":12},"end":{"line":132,"column":74},"skip":true},"35":{"start":{"line":133,"column":12},"end":{"line":133,"column":79},"skip":true},"36":{"start":{"line":134,"column":12},"end":{"line":134,"column":25},"skip":true},"37":{"start":{"line":135,"column":12},"end":{"line":135,"column":45},"skip":true},"38":{"start":{"line":138,"column":8},"end":{"line":145,"column":14},"skip":true},"39":{"start":{"line":143,"column":16},"end":{"line":143,"column":29},"skip":true},"40":{"start":{"line":144,"column":16},"end":{"line":144,"column":55},"skip":true},"41":{"start":{"line":147,"column":8},"end":{"line":156,"column":10},"skip":true},"42":{"start":{"line":154,"column":12},"end":{"line":154,"column":25},"skip":true},"43":{"start":{"line":155,"column":12},"end":{"line":155,"column":45},"skip":true},"44":{"start":{"line":158,"column":8},"end":{"line":167,"column":10},"skip":true},"45":{"start":{"line":165,"column":12},"end":{"line":165,"column":25},"skip":true},"46":{"start":{"line":166,"column":12},"end":{"line":166,"column":48},"skip":true},"47":{"start":{"line":169,"column":8},"end":{"line":178,"column":10},"skip":true},"48":{"start":{"line":176,"column":12},"end":{"line":176,"column":25},"skip":true},"49":{"start":{"line":177,"column":12},"end":{"line":177,"column":46},"skip":true},"50":{"start":{"line":180,"column":8},"end":{"line":189,"column":10},"skip":true},"51":{"start":{"line":187,"column":12},"end":{"line":187,"column":94},"skip":true},"52":{"start":{"line":188,"column":12},"end":{"line":188,"column":48},"skip":true},"53":{"start":{"line":192,"column":8},"end":{"line":192,"column":35},"skip":true},"54":{"start":{"line":193,"column":8},"end":{"line":193,"column":14},"skip":true}},"branchMap":{"1":{"line":25,"type":"binary-expr","locations":[{"start":{"line":25,"column":23},"end":{"line":25,"column":62}},{"start":{"line":26,"column":20},"end":{"line":26,"column":70}},{"start":{"line":27,"column":20},"end":{"line":27,"column":71}},{"start":{"line":28,"column":20},"end":{"line":28,"column":29}}]},"2":{"line":30,"type":"binary-expr","locations":[{"start":{"line":30,"column":23},"end":{"line":30,"column":37}},{"start":{"line":31,"column":20},"end":{"line":31,"column":61}},{"start":{"line":32,"column":20},"end":{"line":32,"column":70}},{"start":{"line":33,"column":20},"end":{"line":33,"column":26}}]},"3":{"line":37,"type":"cond-expr","locations":[{"start":{"line":38,"column":14},"end":{"line":38,"column":20}},{"start":{"line":39,"column":14},"end":{"line":39,"column":20}}]},"4":{"line":40,"type":"switch","locations":[{"start":{"line":42,"column":8},"end":{"line":47,"column":18}},{"start":{"line":49,"column":8},"end":{"line":52,"column":18}}]},"5":{"line":44,"type":"binary-expr","locations":[{"start":{"line":44,"column":16},"end":{"line":44,"column":44}},{"start":{"line":44,"column":48},"end":{"line":44,"column":66}}]},"6":{"line":50,"type":"binary-expr","locations":[{"start":{"line":50,"column":21},"end":{"line":50,"column":49}},{"start":{"line":50,"column":53},"end":{"line":50,"column":72}}]},"7":{"line":64,"type":"switch","locations":[{"start":{"line":69,"column":4},"end":{"line":70,"column":14}},{"start":{"line":75,"column":4},"end":{"line":76,"column":14}}]},"8":{"line":85,"type":"switch","locations":[{"start":{"line":90,"column":4},"end":{"line":105,"column":14}},{"start":{"line":111,"column":4},"end":{"line":193,"column":14},"skip":true}]},"9":{"line":91,"type":"binary-expr","locations":[{"start":{"line":91,"column":42},"end":{"line":91,"column":73}},{"start":{"line":91,"column":77},"end":{"line":99,"column":9}}]},"10":{"line":102,"type":"binary-expr","locations":[{"start":{"line":102,"column":18},"end":{"line":102,"column":32}},{"start":{"line":103,"column":12},"end":{"line":103,"column":53}},{"start":{"line":104,"column":12},"end":{"line":104,"column":61}}]},"11":{"line":112,"type":"binary-expr","locations":[{"start":{"line":112,"column":45},"end":{"line":112,"column":79},"skip":true},{"start":{"line":112,"column":83},"end":{"line":121,"column":9},"skip":true}]},"12":{"line":123,"type":"binary-expr","locations":[{"start":{"line":123,"column":42},"end":{"line":123,"column":73},"skip":true},{"start":{"line":123,"column":77},"end":{"line":136,"column":9},"skip":true}]},"13":{"line":138,"type":"binary-expr","locations":[{"start":{"line":138,"column":48},"end":{"line":138,"column":85},"skip":true},{"start":{"line":139,"column":12},"end":{"line":145,"column":13},"skip":true}]},"14":{"line":147,"type":"binary-expr","locations":[{"start":{"line":147,"column":42},"end":{"line":147,"column":73},"skip":true},{"start":{"line":147,"column":77},"end":{"line":156,"column":9},"skip":true}]},"15":{"line":158,"type":"binary-expr","locations":[{"start":{"line":158,"column":45},"end":{"line":158,"column":79},"skip":true},{"start":{"line":158,"column":83},"end":{"line":167,"column":9},"skip":true}]},"16":{"line":169,"type":"binary-expr","locations":[{"start":{"line":169,"column":43},"end":{"line":169,"column":75},"skip":true},{"start":{"line":169,"column":79},"end":{"line":178,"column":9},"skip":true}]},"17":{"line":180,"type":"binary-expr","locations":[{"start":{"line":180,"column":41},"end":{"line":180,"column":71},"skip":true},{"start":{"line":180,"column":75},"end":{"line":189,"column":9},"skip":true}]}},"code":["/* istanbul instrument in package npmtest_htmllint */","/*jslint","    bitwise: true,","    browser: true,","    maxerr: 8,","    maxlen: 96,","    node: true,","    nomen: true,","    regexp: true,","    stupid: true","*/","(function () {","    'use strict';","    var local;","","","","    // run shared js-env code - pre-init","    (function () {","        // init local","        local = {};","        // init modeJs","        local.modeJs = (function () {","            try {","                return typeof navigator.userAgent === 'string' &&","                    typeof document.querySelector('body') === 'object' &&","                    typeof XMLHttpRequest.prototype.open === 'function' &&","                    'browser';","            } catch (errorCaughtBrowser) {","                return module.exports &&","                    typeof process.versions.node === 'string' &&","                    typeof require('http').createServer === 'function' &&","                    'node';","            }","        }());","        // init global","        local.global = local.modeJs === 'browser'","            ? window","            : global;","        switch (local.modeJs) {","        // re-init local from window.local","        case 'browser':","            local = local.global.utility2.objectSetDefault(","                local.global.utility2_rollup || local.global.local,","                local.global.utility2","            );","            break;","        // re-init local from example.js","        case 'node':","            local = (local.global.utility2_rollup || require('utility2'))","                .requireReadme();","            break;","        }","        // export local","        local.global.local = local;","    }());","","","","    // run shared js-env code - function","    (function () {","        return;","    }());","    switch (local.modeJs) {","","","","    // run browser js-env code - function","    case 'browser':","        break;","","","","    // run node js-env code - function","    case 'node':","        break;","    }","","","","    // run shared js-env code - post-init","    (function () {","        return;","    }());","    switch (local.modeJs) {","","","","    // run browser js-env code - post-init","    case 'browser':","        local.testCase_browser_nullCase = local.testCase_browser_nullCase || function (","            options,","            onError","        ) {","        /*","         * this function will test browsers's null-case handling-behavior-behavior","         */","            onError(null, options);","        };","","        // run tests","        local.nop(local.modeTest &&","            document.querySelector('#testRunButton1') &&","            document.querySelector('#testRunButton1').click());","        break;","","","","    // run node js-env code - post-init","    /* istanbul ignore next */","    case 'node':","        local.testCase_buildApidoc_default = local.testCase_buildApidoc_default || function (","            options,","            onError","        ) {","        /*","         * this function will test buildApidoc's default handling-behavior-behavior","         */","            options = { modulePathList: module.paths };","            local.buildApidoc(options, onError);","        };","","        local.testCase_buildApp_default = local.testCase_buildApp_default || function (","            options,","            onError","        ) {","        /*","         * this function will test buildApp's default handling-behavior-behavior","         */","            local.testCase_buildReadme_default(options, local.onErrorThrow);","            local.testCase_buildLib_default(options, local.onErrorThrow);","            local.testCase_buildTest_default(options, local.onErrorThrow);","            local.testCase_buildCustomOrg_default(options, local.onErrorThrow);","            options = [];","            local.buildApp(options, onError);","        };","","        local.testCase_buildCustomOrg_default = local.testCase_buildCustomOrg_default ||","            function (options, onError) {","            /*","             * this function will test buildCustomOrg's default handling-behavior","             */","                options = {};","                local.buildCustomOrg(options, onError);","            };","","        local.testCase_buildLib_default = local.testCase_buildLib_default || function (","            options,","            onError","        ) {","        /*","         * this function will test buildLib's default handling-behavior","         */","            options = {};","            local.buildLib(options, onError);","        };","","        local.testCase_buildReadme_default = local.testCase_buildReadme_default || function (","            options,","            onError","        ) {","        /*","         * this function will test buildReadme's default handling-behavior-behavior","         */","            options = {};","            local.buildReadme(options, onError);","        };","","        local.testCase_buildTest_default = local.testCase_buildTest_default || function (","            options,","            onError","        ) {","        /*","         * this function will test buildTest's default handling-behavior","         */","            options = {};","            local.buildTest(options, onError);","        };","","        local.testCase_webpage_default = local.testCase_webpage_default || function (","            options,","            onError","        ) {","        /*","         * this function will test webpage's default handling-behavior","         */","            options = { modeCoverageMerge: true, url: local.serverLocalHost + '?modeTest=1' };","            local.browserTest(options, onError);","        };","","        // run test-server","        local.testRunServer(local);","        break;","    }","}());",""],"l":{"12":2,"14":2,"19":2,"21":2,"23":2,"24":2,"25":2,"30":1,"37":2,"40":2,"43":1,"47":1,"50":1,"52":1,"55":2,"61":2,"62":2,"64":2,"70":1,"76":1,"82":2,"83":2,"85":2,"91":1,"98":1,"102":1,"105":1,"112":1,"119":1,"120":1,"123":1,"130":1,"131":1,"132":1,"133":1,"134":1,"135":1,"138":1,"143":2,"144":2,"147":1,"154":2,"155":2,"158":1,"165":2,"166":2,"169":1,"176":2,"177":2,"180":1,"187":1,"188":1,"192":1,"193":1}},"/home/travis/build/npmtest/node-npmtest-htmllint/lib.npmtest_htmllint.js":{"path":"/home/travis/build/npmtest/node-npmtest-htmllint/lib.npmtest_htmllint.js","s":{"1":2,"2":2,"3":2,"4":2,"5":2,"6":2,"7":2,"8":1,"9":2,"10":2,"11":2,"12":2,"13":1,"14":1,"15":1,"16":1},"b":{"1":[2,1,1,1],"2":[1,1,1,1],"3":[1,1],"4":[2,2],"5":[1,1]},"f":{"1":2,"2":2,"3":2},"fnMap":{"1":{"name":"(anonymous_1)","line":12,"loc":{"start":{"line":12,"column":1},"end":{"line":12,"column":13}}},"2":{"name":"(anonymous_2)","line":19,"loc":{"start":{"line":19,"column":5},"end":{"line":19,"column":17}}},"3":{"name":"(anonymous_3)","line":23,"loc":{"start":{"line":23,"column":24},"end":{"line":23,"column":36}}}},"statementMap":{"1":{"start":{"line":12,"column":0},"end":{"line":53,"column":5}},"2":{"start":{"line":14,"column":4},"end":{"line":14,"column":14}},"3":{"start":{"line":19,"column":4},"end":{"line":52,"column":9}},"4":{"start":{"line":21,"column":8},"end":{"line":21,"column":19}},"5":{"start":{"line":23,"column":8},"end":{"line":35,"column":13}},"6":{"start":{"line":24,"column":12},"end":{"line":34,"column":13}},"7":{"start":{"line":25,"column":16},"end":{"line":28,"column":30}},"8":{"start":{"line":30,"column":16},"end":{"line":33,"column":27}},"9":{"start":{"line":37,"column":8},"end":{"line":39,"column":21}},"10":{"start":{"line":41,"column":8},"end":{"line":41,"column":54}},"11":{"start":{"line":43,"column":8},"end":{"line":43,"column":53}},"12":{"start":{"line":45,"column":8},"end":{"line":51,"column":9}},"13":{"start":{"line":46,"column":12},"end":{"line":46,"column":59}},"14":{"start":{"line":48,"column":12},"end":{"line":48,"column":35}},"15":{"start":{"line":49,"column":12},"end":{"line":49,"column":49}},"16":{"start":{"line":50,"column":12},"end":{"line":50,"column":43}}},"branchMap":{"1":{"line":25,"type":"binary-expr","locations":[{"start":{"line":25,"column":23},"end":{"line":25,"column":62}},{"start":{"line":26,"column":20},"end":{"line":26,"column":70}},{"start":{"line":27,"column":20},"end":{"line":27,"column":71}},{"start":{"line":28,"column":20},"end":{"line":28,"column":29}}]},"2":{"line":30,"type":"binary-expr","locations":[{"start":{"line":30,"column":23},"end":{"line":30,"column":37}},{"start":{"line":31,"column":20},"end":{"line":31,"column":61}},{"start":{"line":32,"column":20},"end":{"line":32,"column":70}},{"start":{"line":33,"column":20},"end":{"line":33,"column":26}}]},"3":{"line":37,"type":"cond-expr","locations":[{"start":{"line":38,"column":14},"end":{"line":38,"column":20}},{"start":{"line":39,"column":14},"end":{"line":39,"column":20}}]},"4":{"line":41,"type":"binary-expr","locations":[{"start":{"line":41,"column":16},"end":{"line":41,"column":44}},{"start":{"line":41,"column":48},"end":{"line":41,"column":53}}]},"5":{"line":45,"type":"if","locations":[{"start":{"line":45,"column":8},"end":{"line":45,"column":8}},{"start":{"line":45,"column":8},"end":{"line":45,"column":8}}]}},"code":["/* istanbul instrument in package npmtest_htmllint */","/*jslint","    bitwise: true,","    browser: true,","    maxerr: 8,","    maxlen: 96,","    node: true,","    nomen: true,","    regexp: true,","    stupid: true","*/","(function () {","    'use strict';","    var local;","","","","    // run shared js-env code - pre-init","    (function () {","        // init local","        local = {};","        // init modeJs","        local.modeJs = (function () {","            try {","                return typeof navigator.userAgent === 'string' &&","                    typeof document.querySelector('body') === 'object' &&","                    typeof XMLHttpRequest.prototype.open === 'function' &&","                    'browser';","            } catch (errorCaughtBrowser) {","                return module.exports &&","                    typeof process.versions.node === 'string' &&","                    typeof require('http').createServer === 'function' &&","                    'node';","            }","        }());","        // init global","        local.global = local.modeJs === 'browser'","            ? window","            : global;","        // init utility2_rollup","        local = local.global.utility2_rollup || local;","        // init lib","        local.local = local.npmtest_htmllint = local;","        // init exports","        if (local.modeJs === 'browser') {","            local.global.utility2_npmtest_htmllint = local;","        } else {","            module.exports = local;","            module.exports.__dirname = __dirname;","            module.exports.module = module;","        }","    }());","}());",""],"l":{"12":2,"14":2,"19":2,"21":2,"23":2,"24":2,"25":2,"30":1,"37":2,"41":2,"43":2,"45":2,"46":1,"48":1,"49":1,"50":1}},"/home/travis/build/npmtest/node-npmtest-htmllint/example.js":{"path":"/home/travis/build/npmtest/node-npmtest-htmllint/example.js","s":{"1":2,"2":2,"3":2,"4":2,"5":2,"6":2,"7":2,"8":1,"9":2,"10":2,"11":2,"12":2,"13":1,"14":2,"15":2,"16":2,"17":2,"18":2,"19":0,"20":2,"21":1,"22":1,"23":1,"24":1,"25":1,"26":0,"27":0,"28":1,"29":1,"30":2,"31":0,"32":0,"33":0,"34":1,"35":2,"36":2,"37":3,"38":3,"39":3,"40":3,"41":0,"42":3,"43":3,"44":3,"45":1,"46":3,"47":1,"48":1,"49":1,"50":1,"51":1,"52":1,"53":1,"54":1,"55":1,"56":1,"57":0,"58":1,"59":6,"60":6,"61":1,"62":2,"63":0,"64":2,"65":1,"66":1,"67":0,"68":0,"69":0,"70":0,"71":0,"72":0,"73":0,"74":0,"75":0,"76":0,"77":0,"78":0,"79":0,"80":0,"81":0,"82":0,"83":0},"b":{"1":[2,1,1,1],"2":[1,1,1,1],"3":[1,1],"4":[2,2],"5":[1,1],"6":[1,1],"7":[2,0],"8":[2,1,1,1,1,1],"9":[0,2,0],"10":[1,1],"11":[2,1,1],"12":[1,0],"13":[0,2],"14":[2,0,0,0,0,0,0],"15":[0,3],"16":[3,0],"17":[1,1],"18":[0,1],"19":[1,2,0,2],"20":[1,0],"21":[1,1],"22":[0,0],"23":[0,0],"24":[0,0],"25":[0,0],"26":[0,0],"27":[0,0],"28":[0,0]},"f":{"1":2,"2":2,"3":2,"4":2,"5":2,"6":2,"7":3,"8":3,"9":3,"10":1,"11":6,"12":0},"fnMap":{"1":{"name":"(anonymous_1)","line":26,"loc":{"start":{"line":26,"column":1},"end":{"line":26,"column":13}}},"2":{"name":"(anonymous_2)","line":33,"loc":{"start":{"line":33,"column":5},"end":{"line":33,"column":17}}},"3":{"name":"(anonymous_3)","line":37,"loc":{"start":{"line":37,"column":24},"end":{"line":37,"column":36}}},"4":{"name":"(anonymous_4)","line":69,"loc":{"start":{"line":69,"column":31},"end":{"line":69,"column":48}},"skip":true},"5":{"name":"(anonymous_5)","line":78,"loc":{"start":{"line":78,"column":26},"end":{"line":78,"column":45}},"skip":true},"6":{"name":"(anonymous_6)","line":123,"loc":{"start":{"line":123,"column":33},"end":{"line":123,"column":48}},"skip":true},"7":{"name":"(anonymous_7)","line":125,"loc":{"start":{"line":125,"column":27},"end":{"line":125,"column":39}},"skip":true},"8":{"name":"(anonymous_8)","line":133,"loc":{"start":{"line":133,"column":59},"end":{"line":133,"column":74}},"skip":true},"9":{"name":"(anonymous_9)","line":143,"loc":{"start":{"line":143,"column":45},"end":{"line":143,"column":62}},"skip":true},"10":{"name":"(anonymous_10)","line":144,"loc":{"start":{"line":144,"column":73},"end":{"line":144,"column":92}},"skip":true},"11":{"name":"(anonymous_11)","line":272,"loc":{"start":{"line":272,"column":51},"end":{"line":272,"column":77}},"skip":true},"12":{"name":"(anonymous_12)","line":315,"loc":{"start":{"line":315,"column":32},"end":{"line":315,"column":61}},"skip":true}},"statementMap":{"1":{"start":{"line":26,"column":0},"end":{"line":326,"column":5}},"2":{"start":{"line":28,"column":4},"end":{"line":28,"column":14}},"3":{"start":{"line":33,"column":4},"end":{"line":60,"column":9}},"4":{"start":{"line":35,"column":8},"end":{"line":35,"column":19}},"5":{"start":{"line":37,"column":8},"end":{"line":49,"column":13}},"6":{"start":{"line":38,"column":12},"end":{"line":48,"column":13}},"7":{"start":{"line":39,"column":16},"end":{"line":42,"column":30}},"8":{"start":{"line":44,"column":16},"end":{"line":47,"column":27}},"9":{"start":{"line":51,"column":8},"end":{"line":53,"column":21}},"10":{"start":{"line":55,"column":8},"end":{"line":57,"column":45}},"11":{"start":{"line":59,"column":8},"end":{"line":59,"column":35}},"12":{"start":{"line":61,"column":4},"end":{"line":325,"column":5}},"13":{"start":{"line":69,"column":8},"end":{"line":121,"column":10},"skip":true},"14":{"start":{"line":70,"column":12},"end":{"line":88,"column":13},"skip":true},"15":{"start":{"line":76,"column":16},"end":{"line":87,"column":19},"skip":true},"16":{"start":{"line":79,"column":20},"end":{"line":86,"column":21},"skip":true},"17":{"start":{"line":82,"column":24},"end":{"line":82,"column":43},"skip":true},"18":{"start":{"line":83,"column":24},"end":{"line":83,"column":30},"skip":true},"19":{"start":{"line":85,"column":24},"end":{"line":85,"column":49},"skip":true},"20":{"start":{"line":89,"column":12},"end":{"line":107,"column":13},"skip":true},"21":{"start":{"line":92,"column":16},"end":{"line":102,"column":17},"skip":true},"22":{"start":{"line":93,"column":20},"end":{"line":93,"column":86},"skip":true},"23":{"start":{"line":94,"column":20},"end":{"line":95,"column":45},"skip":true},"24":{"start":{"line":96,"column":20},"end":{"line":96,"column":42},"skip":true},"25":{"start":{"line":97,"column":20},"end":{"line":97,"column":48},"skip":true},"26":{"start":{"line":100,"column":20},"end":{"line":100,"column":85},"skip":true},"27":{"start":{"line":101,"column":20},"end":{"line":101,"column":96},"skip":true},"28":{"start":{"line":103,"column":16},"end":{"line":103,"column":22},"skip":true},"29":{"start":{"line":106,"column":16},"end":{"line":106,"column":22},"skip":true},"30":{"start":{"line":108,"column":12},"end":{"line":120,"column":13},"skip":true},"31":{"start":{"line":114,"column":16},"end":{"line":119,"column":17},"skip":true},"32":{"start":{"line":116,"column":20},"end":{"line":116,"column":78},"skip":true},"33":{"start":{"line":118,"column":20},"end":{"line":118,"column":47},"skip":true},"34":{"start":{"line":123,"column":8},"end":{"line":141,"column":11},"skip":true},"35":{"start":{"line":124,"column":12},"end":{"line":124,"column":54},"skip":true},"36":{"start":{"line":125,"column":12},"end":{"line":140,"column":14},"skip":true},"37":{"start":{"line":126,"column":16},"end":{"line":126,"column":28},"skip":true},"38":{"start":{"line":127,"column":16},"end":{"line":127,"column":69},"skip":true},"39":{"start":{"line":128,"column":16},"end":{"line":128,"column":75},"skip":true},"40":{"start":{"line":129,"column":16},"end":{"line":131,"column":17},"skip":true},"41":{"start":{"line":130,"column":20},"end":{"line":130,"column":27},"skip":true},"42":{"start":{"line":133,"column":16},"end":{"line":137,"column":36},"skip":true},"43":{"start":{"line":134,"column":20},"end":{"line":136,"column":55},"skip":true},"44":{"start":{"line":139,"column":16},"end":{"line":139,"column":57},"skip":true},"45":{"start":{"line":143,"column":8},"end":{"line":147,"column":11},"skip":true},"46":{"start":{"line":144,"column":12},"end":{"line":146,"column":15},"skip":true},"47":{"start":{"line":145,"column":16},"end":{"line":145,"column":70},"skip":true},"48":{"start":{"line":149,"column":8},"end":{"line":149,"column":31},"skip":true},"49":{"start":{"line":150,"column":8},"end":{"line":150,"column":14},"skip":true},"50":{"start":{"line":158,"column":8},"end":{"line":158,"column":31},"skip":true},"51":{"start":{"line":160,"column":8},"end":{"line":160,"column":33},"skip":true},"52":{"start":{"line":161,"column":8},"end":{"line":161,"column":37},"skip":true},"53":{"start":{"line":162,"column":8},"end":{"line":162,"column":35},"skip":true},"54":{"start":{"line":164,"column":8},"end":{"line":164,"column":50},"skip":true},"55":{"start":{"line":166,"column":8},"end":{"line":256,"column":2},"skip":true},"56":{"start":{"line":258,"column":8},"end":{"line":286,"column":9},"skip":true},"57":{"start":{"line":259,"column":12},"end":{"line":269,"column":14},"skip":true},"58":{"start":{"line":271,"column":12},"end":{"line":285,"column":19},"skip":true},"59":{"start":{"line":274,"column":20},"end":{"line":274,"column":35},"skip":true},"60":{"start":{"line":275,"column":20},"end":{"line":284,"column":21},"skip":true},"61":{"start":{"line":277,"column":24},"end":{"line":277,"column":64},"skip":true},"62":{"start":{"line":279,"column":24},"end":{"line":279,"column":40},"skip":true},"63":{"start":{"line":281,"column":24},"end":{"line":281,"column":40},"skip":true},"64":{"start":{"line":283,"column":24},"end":{"line":283,"column":39},"skip":true},"65":{"start":{"line":288,"column":8},"end":{"line":290,"column":9},"skip":true},"66":{"start":{"line":289,"column":12},"end":{"line":289,"column":18},"skip":true},"67":{"start":{"line":291,"column":8},"end":{"line":293,"column":54},"skip":true},"68":{"start":{"line":296,"column":8},"end":{"line":301,"column":37},"skip":true},"69":{"start":{"line":303,"column":8},"end":{"line":303,"column":82},"skip":true},"70":{"start":{"line":306,"column":8},"end":{"line":308,"column":9},"skip":true},"71":{"start":{"line":307,"column":12},"end":{"line":307,"column":82},"skip":true},"72":{"start":{"line":310,"column":8},"end":{"line":312,"column":9},"skip":true},"73":{"start":{"line":311,"column":12},"end":{"line":311,"column":18},"skip":true},"74":{"start":{"line":313,"column":8},"end":{"line":313,"column":54},"skip":true},"75":{"start":{"line":314,"column":8},"end":{"line":314,"column":69},"skip":true},"76":{"start":{"line":315,"column":8},"end":{"line":323,"column":36},"skip":true},"77":{"start":{"line":316,"column":12},"end":{"line":316,"column":61},"skip":true},"78":{"start":{"line":317,"column":12},"end":{"line":320,"column":13},"skip":true},"79":{"start":{"line":318,"column":16},"end":{"line":318,"column":75},"skip":true},"80":{"start":{"line":319,"column":16},"end":{"line":319,"column":23},"skip":true},"81":{"start":{"line":321,"column":12},"end":{"line":321,"column":38},"skip":true},"82":{"start":{"line":322,"column":12},"end":{"line":322,"column":27},"skip":true},"83":{"start":{"line":324,"column":8},"end":{"line":324,"column":14},"skip":true}},"branchMap":{"1":{"line":39,"type":"binary-expr","locations":[{"start":{"line":39,"column":23},"end":{"line":39,"column":62}},{"start":{"line":40,"column":20},"end":{"line":40,"column":70}},{"start":{"line":41,"column":20},"end":{"line":41,"column":71}},{"start":{"line":42,"column":20},"end":{"line":42,"column":29}}]},"2":{"line":44,"type":"binary-expr","locations":[{"start":{"line":44,"column":23},"end":{"line":44,"column":37}},{"start":{"line":45,"column":20},"end":{"line":45,"column":61}},{"start":{"line":46,"column":20},"end":{"line":46,"column":70}},{"start":{"line":47,"column":20},"end":{"line":47,"column":26}}]},"3":{"line":51,"type":"cond-expr","locations":[{"start":{"line":52,"column":14},"end":{"line":52,"column":20}},{"start":{"line":53,"column":14},"end":{"line":53,"column":20}}]},"4":{"line":55,"type":"binary-expr","locations":[{"start":{"line":55,"column":16},"end":{"line":55,"column":44}},{"start":{"line":55,"column":49},"end":{"line":57,"column":43}}]},"5":{"line":55,"type":"cond-expr","locations":[{"start":{"line":56,"column":14},"end":{"line":56,"column":52}},{"start":{"line":57,"column":14},"end":{"line":57,"column":43}}]},"6":{"line":61,"type":"switch","locations":[{"start":{"line":68,"column":4},"end":{"line":150,"column":14},"skip":true},{"start":{"line":156,"column":4},"end":{"line":324,"column":14},"skip":true}]},"7":{"line":70,"type":"if","locations":[{"start":{"line":70,"column":12},"end":{"line":70,"column":12},"skip":true},{"start":{"line":70,"column":12},"end":{"line":70,"column":12},"skip":true}]},"8":{"line":70,"type":"binary-expr","locations":[{"start":{"line":70,"column":16},"end":{"line":70,"column":22},"skip":true},{"start":{"line":70,"column":27},"end":{"line":70,"column":32},"skip":true},{"start":{"line":71,"column":20},"end":{"line":71,"column":39},"skip":true},{"start":{"line":72,"column":20},"end":{"line":72,"column":49},"skip":true},{"start":{"line":73,"column":20},"end":{"line":73,"column":58},"skip":true},{"start":{"line":74,"column":20},"end":{"line":74,"column":69},"skip":true}]},"9":{"line":79,"type":"switch","locations":[{"start":{"line":80,"column":20},"end":{"line":80,"column":33},"skip":true},{"start":{"line":81,"column":20},"end":{"line":83,"column":30},"skip":true},{"start":{"line":84,"column":20},"end":{"line":85,"column":49},"skip":true}]},"10":{"line":89,"type":"switch","locations":[{"start":{"line":90,"column":12},"end":{"line":103,"column":22},"skip":true},{"start":{"line":105,"column":12},"end":{"line":106,"column":22},"skip":true}]},"11":{"line":89,"type":"binary-expr","locations":[{"start":{"line":89,"column":20},"end":{"line":89,"column":25},"skip":true},{"start":{"line":89,"column":29},"end":{"line":89,"column":48},"skip":true},{"start":{"line":89,"column":52},"end":{"line":89,"column":74},"skip":true}]},"12":{"line":92,"type":"if","locations":[{"start":{"line":92,"column":16},"end":{"line":92,"column":16},"skip":true},{"start":{"line":92,"column":16},"end":{"line":92,"column":16},"skip":true}]},"13":{"line":108,"type":"if","locations":[{"start":{"line":108,"column":12},"end":{"line":108,"column":12},"skip":true},{"start":{"line":108,"column":12},"end":{"line":108,"column":12},"skip":true}]},"14":{"line":108,"type":"binary-expr","locations":[{"start":{"line":108,"column":16},"end":{"line":108,"column":61},"skip":true},{"start":{"line":108,"column":66},"end":{"line":108,"column":72},"skip":true},{"start":{"line":108,"column":77},"end":{"line":108,"column":82},"skip":true},{"start":{"line":109,"column":20},"end":{"line":109,"column":39},"skip":true},{"start":{"line":110,"column":20},"end":{"line":110,"column":49},"skip":true},{"start":{"line":111,"column":20},"end":{"line":111,"column":58},"skip":true},{"start":{"line":112,"column":20},"end":{"line":112,"column":68},"skip":true}]},"15":{"line":129,"type":"if","locations":[{"start":{"line":129,"column":16},"end":{"line":129,"column":16},"skip":true},{"start":{"line":129,"column":16},"end":{"line":129,"column":16},"skip":true}]},"16":{"line":134,"type":"cond-expr","locations":[{"start":{"line":135,"column":26},"end":{"line":135,"column":29},"skip":true},{"start":{"line":136,"column":26},"end":{"line":136,"column":54},"skip":true}]},"17":{"line":164,"type":"binary-expr","locations":[{"start":{"line":164,"column":27},"end":{"line":164,"column":43},"skip":true},{"start":{"line":164,"column":47},"end":{"line":164,"column":49},"skip":true}]},"18":{"line":258,"type":"if","locations":[{"start":{"line":258,"column":8},"end":{"line":258,"column":8},"skip":true},{"start":{"line":258,"column":8},"end":{"line":258,"column":8},"skip":true}]},"19":{"line":275,"type":"switch","locations":[{"start":{"line":276,"column":20},"end":{"line":277,"column":64},"skip":true},{"start":{"line":278,"column":20},"end":{"line":279,"column":40},"skip":true},{"start":{"line":280,"column":20},"end":{"line":281,"column":40},"skip":true},{"start":{"line":282,"column":20},"end":{"line":283,"column":39},"skip":true}]},"20":{"line":288,"type":"if","locations":[{"start":{"line":288,"column":8},"end":{"line":288,"column":8},"skip":true},{"start":{"line":288,"column":8},"end":{"line":288,"column":8},"skip":true}]},"21":{"line":288,"type":"binary-expr","locations":[{"start":{"line":288,"column":12},"end":{"line":288,"column":40},"skip":true},{"start":{"line":288,"column":44},"end":{"line":288,"column":67},"skip":true}]},"22":{"line":292,"type":"binary-expr","locations":[{"start":{"line":292,"column":12},"end":{"line":292,"column":50},"skip":true},{"start":{"line":293,"column":12},"end":{"line":293,"column":53},"skip":true}]},"23":{"line":297,"type":"binary-expr","locations":[{"start":{"line":297,"column":12},"end":{"line":297,"column":66},"skip":true},{"start":{"line":298,"column":12},"end":{"line":301,"column":36},"skip":true}]},"24":{"line":303,"type":"binary-expr","locations":[{"start":{"line":303,"column":43},"end":{"line":303,"column":75},"skip":true},{"start":{"line":303,"column":79},"end":{"line":303,"column":81},"skip":true}]},"25":{"line":306,"type":"if","locations":[{"start":{"line":306,"column":8},"end":{"line":306,"column":8},"skip":true},{"start":{"line":306,"column":8},"end":{"line":306,"column":8},"skip":true}]},"26":{"line":310,"type":"if","locations":[{"start":{"line":310,"column":8},"end":{"line":310,"column":8},"skip":true},{"start":{"line":310,"column":8},"end":{"line":310,"column":8},"skip":true}]},"27":{"line":313,"type":"binary-expr","locations":[{"start":{"line":313,"column":27},"end":{"line":313,"column":43},"skip":true},{"start":{"line":313,"column":47},"end":{"line":313,"column":53},"skip":true}]},"28":{"line":317,"type":"if","locations":[{"start":{"line":317,"column":12},"end":{"line":317,"column":12},"skip":true},{"start":{"line":317,"column":12},"end":{"line":317,"column":12},"skip":true}]}},"code":["/*","example.js","","quickstart example","","instruction","    1. save this script as example.js","    2. run the shell command:","        $ npm install npmtest-htmllint && PORT=8081 node example.js","    3. play with the browser-demo on http://127.0.0.1:8081","*/","","","","/* istanbul instrument in package npmtest_htmllint */","/*jslint","    bitwise: true,","    browser: true,","    maxerr: 8,","    maxlen: 96,","    node: true,","    nomen: true,","    regexp: true,","    stupid: true","*/","(function () {","    'use strict';","    var local;","","","","    // run shared js-env code - pre-init","    (function () {","        // init local","        local = {};","        // init modeJs","        local.modeJs = (function () {","            try {","                return typeof navigator.userAgent === 'string' &&","                    typeof document.querySelector('body') === 'object' &&","                    typeof XMLHttpRequest.prototype.open === 'function' &&","                    'browser';","            } catch (errorCaughtBrowser) {","                return module.exports &&","                    typeof process.versions.node === 'string' &&","                    typeof require('http').createServer === 'function' &&","                    'node';","            }","        }());","        // init global","        local.global = local.modeJs === 'browser'","            ? window","            : global;","        // init utility2_rollup","        local = local.global.utility2_rollup || (local.modeJs === 'browser'","            ? local.global.utility2_npmtest_htmllint","            : global.utility2_moduleExports);","        // export local","        local.global.local = local;","    }());","    switch (local.modeJs) {","","","","    // post-init","    // run browser js-env code - post-init","    /* istanbul ignore next */","    case 'browser':","        local.testRunBrowser = function (event) {","            if (!event || (event &&","                    event.currentTarget &&","                    event.currentTarget.className &&","                    event.currentTarget.className.includes &&","                    event.currentTarget.className.includes('onreset'))) {","                // reset output","                Array.from(","                    document.querySelectorAll('body > .resettable')","                ).forEach(function (element) {","                    switch (element.tagName) {","                    case 'INPUT':","                    case 'TEXTAREA':","                        element.value = '';","                        break;","                    default:","                        element.textContent = '';","                    }","                });","            }","            switch (event && event.currentTarget && event.currentTarget.id) {","            case 'testRunButton1':","                // show tests","                if (document.querySelector('#testReportDiv1').style.display === 'none') {","                    document.querySelector('#testReportDiv1').style.display = 'block';","                    document.querySelector('#testRunButton1').textContent =","                        'hide internal test';","                    local.modeTest = true;","                    local.testRunDefault(local);","                // hide tests","                } else {","                    document.querySelector('#testReportDiv1').style.display = 'none';","                    document.querySelector('#testRunButton1').textContent = 'run internal test';","                }","                break;","            // custom-case","            default:","                break;","            }","            if (document.querySelector('#inputTextareaEval1') && (!event || (event &&","                    event.currentTarget &&","                    event.currentTarget.className &&","                    event.currentTarget.className.includes &&","                    event.currentTarget.className.includes('oneval')))) {","                // try to eval input-code","                try {","                    /*jslint evil: true*/","                    eval(document.querySelector('#inputTextareaEval1').value);","                } catch (errorCaught) {","                    console.error(errorCaught);","                }","            }","        };","        // log stderr and stdout to #outputTextareaStdout1","        ['error', 'log'].forEach(function (key) {","            console[key + '_original'] = console[key];","            console[key] = function () {","                var element;","                console[key + '_original'].apply(console, arguments);","                element = document.querySelector('#outputTextareaStdout1');","                if (!element) {","                    return;","                }","                // append text to #outputTextareaStdout1","                element.value += Array.from(arguments).map(function (arg) {","                    return typeof arg === 'string'","                        ? arg","                        : JSON.stringify(arg, null, 4);","                }).join(' ') + '\\n';","                // scroll textarea to bottom","                element.scrollTop = element.scrollHeight;","            };","        });","        // init event-handling","        ['change', 'click', 'keyup'].forEach(function (event) {","            Array.from(document.querySelectorAll('.on' + event)).forEach(function (element) {","                element.addEventListener(event, local.testRunBrowser);","            });","        });","        // run tests","        local.testRunBrowser();","        break;","","","","    // run node js-env code - post-init","    /* istanbul ignore next */","    case 'node':","        // export local","        module.exports = local;","        // require modules","        local.fs = require('fs');","        local.http = require('http');","        local.url = require('url');","        // init assets","        local.assetsDict = local.assetsDict || {};","        /* jslint-ignore-begin */","        local.assetsDict['/assets.index.template.html'] = '\\","<!doctype html>\\n\\","<html lang=\"en\">\\n\\","<head>\\n\\","<meta charset=\"UTF-8\">\\n\\","<meta name=\"viewport\" content=\"width=device-width, initial-scale=1\">\\n\\","<title>{{env.npm_package_name}} (v{{env.npm_package_version}})</title>\\n\\","<style>\\n\\","/*csslint\\n\\","    box-sizing: false,\\n\\","    universal-selector: false\\n\\","*/\\n\\","* {\\n\\","    box-sizing: border-box;\\n\\","}\\n\\","body {\\n\\","    background: #dde;\\n\\","    font-family: Arial, Helvetica, sans-serif;\\n\\","    margin: 2rem;\\n\\","}\\n\\","body > * {\\n\\","    margin-bottom: 1rem;\\n\\","}\\n\\",".utility2FooterDiv {\\n\\","    margin-top: 20px;\\n\\","    text-align: center;\\n\\","}\\n\\","</style>\\n\\","<style>\\n\\","/*csslint\\n\\","*/\\n\\","textarea {\\n\\","    font-family: monospace;\\n\\","    height: 10rem;\\n\\","    width: 100%;\\n\\","}\\n\\","textarea[readonly] {\\n\\","    background: #ddd;\\n\\","}\\n\\","</style>\\n\\","</head>\\n\\","<body>\\n\\","<!-- utility2-comment\\n\\","<div id=\"ajaxProgressDiv1\" style=\"background: #d00; height: 2px; left: 0; margin: 0; padding: 0; position: fixed; top: 0; transition: background 0.5s, width 1.5s; width: 25%;\"></div>\\n\\","utility2-comment -->\\n\\","<h1>\\n\\","<!-- utility2-comment\\n\\","    <a\\n\\","        {{#if env.npm_package_homepage}}\\n\\","        href=\"{{env.npm_package_homepage}}\"\\n\\","        {{/if env.npm_package_homepage}}\\n\\","        target=\"_blank\"\\n\\","    >\\n\\","utility2-comment -->\\n\\","        {{env.npm_package_name}} (v{{env.npm_package_version}})\\n\\","<!-- utility2-comment\\n\\","    </a>\\n\\","utility2-comment -->\\n\\","</h1>\\n\\","<h3>{{env.npm_package_description}}</h3>\\n\\","<!-- utility2-comment\\n\\","<h4><a download href=\"assets.app.js\">download standalone app</a></h4>\\n\\","<button class=\"onclick onreset\" id=\"testRunButton1\">run internal test</button><br>\\n\\","<div id=\"testReportDiv1\" style=\"display: none;\"></div>\\n\\","utility2-comment -->\\n\\","\\n\\","\\n\\","\\n\\","<label>stderr and stdout</label>\\n\\","<textarea class=\"resettable\" id=\"outputTextareaStdout1\" readonly></textarea>\\n\\","<!-- utility2-comment\\n\\","{{#if isRollup}}\\n\\","<script src=\"assets.app.js\"></script>\\n\\","{{#unless isRollup}}\\n\\","utility2-comment -->\\n\\","<script src=\"assets.utility2.rollup.js\"></script>\\n\\","<script src=\"jsonp.utility2._stateInit?callback=window.utility2._stateInit\"></script>\\n\\","<script src=\"assets.npmtest_htmllint.rollup.js\"></script>\\n\\","<script src=\"assets.example.js\"></script>\\n\\","<script src=\"assets.test.js\"></script>\\n\\","<!-- utility2-comment\\n\\","{{/if isRollup}}\\n\\","utility2-comment -->\\n\\","<div class=\"utility2FooterDiv\">\\n\\","    [ this app was created with\\n\\","    <a href=\"https://github.com/kaizhu256/node-utility2\" target=\"_blank\">utility2</a>\\n\\","    ]\\n\\","</div>\\n\\","</body>\\n\\","</html>\\n\\","';","        /* jslint-ignore-end */","        if (local.templateRender) {","            local.assetsDict['/'] = local.templateRender(","                local.assetsDict['/assets.index.template.html'],","                {","                    env: local.objectSetDefault(local.env, {","                        npm_package_description: 'the greatest app in the world!',","                        npm_package_name: 'my-app',","                        npm_package_nameAlias: 'my_app',","                        npm_package_version: '0.0.1'","                    })","                }","            );","        } else {","            local.assetsDict['/'] = local.assetsDict['/assets.index.template.html']","                .replace((/\\{\\{env\\.(\\w+?)\\}\\}/g), function (match0, match1) {","                    // jslint-hack","                    String(match0);","                    switch (match1) {","                    case 'npm_package_description':","                        return 'the greatest app in the world!';","                    case 'npm_package_name':","                        return 'my-app';","                    case 'npm_package_nameAlias':","                        return 'my_app';","                    case 'npm_package_version':","                        return '0.0.1';","                    }","                });","        }","        // run the cli","        if (local.global.utility2_rollup || module !== require.main) {","            break;","        }","        local.assetsDict['/assets.example.js'] =","            local.assetsDict['/assets.example.js'] ||","            local.fs.readFileSync(__filename, 'utf8');","        // bug-workaround - long $npm_package_buildCustomOrg","        /* jslint-ignore-begin */","        local.assetsDict['/assets.npmtest_htmllint.rollup.js'] =","            local.assetsDict['/assets.npmtest_htmllint.rollup.js'] ||","            local.fs.readFileSync(","                local.npmtest_htmllint.__dirname + '/lib.npmtest_htmllint.js',","                'utf8'","            ).replace((/^#!/), '//');","        /* jslint-ignore-end */","        local.assetsDict['/favicon.ico'] = local.assetsDict['/favicon.ico'] || '';","        // if $npm_config_timeout_exit exists,","        // then exit this process after $npm_config_timeout_exit ms","        if (Number(process.env.npm_config_timeout_exit)) {","            setTimeout(process.exit, Number(process.env.npm_config_timeout_exit));","        }","        // start server","        if (local.global.utility2_serverHttp1) {","            break;","        }","        process.env.PORT = process.env.PORT || '8081';","        console.error('server starting on port ' + process.env.PORT);","        local.http.createServer(function (request, response) {","            request.urlParsed = local.url.parse(request.url);","            if (local.assetsDict[request.urlParsed.pathname] !== undefined) {","                response.end(local.assetsDict[request.urlParsed.pathname]);","                return;","            }","            response.statusCode = 404;","            response.end();","        }).listen(process.env.PORT);","        break;","    }","}());",""],"l":{"26":2,"28":2,"33":2,"35":2,"37":2,"38":2,"39":2,"44":1,"51":2,"55":2,"59":2,"61":2,"69":1,"70":2,"76":2,"79":2,"82":2,"83":2,"85":1,"89":2,"92":1,"93":1,"94":1,"96":1,"97":1,"100":1,"101":1,"103":1,"106":1,"108":2,"114":1,"116":1,"118":1,"123":1,"124":2,"125":2,"126":3,"127":3,"128":3,"129":3,"130":1,"133":3,"134":3,"139":3,"143":1,"144":3,"145":1,"149":1,"150":1,"158":1,"160":1,"161":1,"162":1,"164":1,"166":1,"258":1,"259":1,"271":1,"274":6,"275":6,"277":1,"279":2,"281":1,"283":2,"288":1,"289":1,"291":1,"296":1,"303":1,"306":1,"307":1,"310":1,"311":1,"313":1,"314":1,"315":1,"316":1,"317":1,"318":1,"319":1,"321":1,"322":1,"324":1}},"/home/travis/build/npmtest/node-npmtest-htmllint/node_modules/htmllint/lib/index.js":{"path":"/home/travis/build/npmtest/node-npmtest-htmllint/node_modules/htmllint/lib/index.js","s":{"1":1,"2":1,"3":0,"4":0,"5":1,"6":1,"7":1,"8":1,"9":1,"10":1,"11":0,"12":0,"13":0,"14":0},"b":{"1":[0,0]},"f":{"1":0,"2":0,"3":0},"fnMap":{"1":{"name":"(anonymous_1)","line":8,"loc":{"start":{"line":8,"column":15},"end":{"line":8,"column":27}}},"2":{"name":"(anonymous_2)","line":21,"loc":{"start":{"line":21,"column":15},"end":{"line":21,"column":34}}},"3":{"name":"(anonymous_3)","line":22,"loc":{"start":{"line":22,"column":20},"end":{"line":22,"column":38}}}},"statementMap":{"1":{"start":{"line":1,"column":0},"end":{"line":2,"column":33}},"2":{"start":{"line":8,"column":0},"end":{"line":12,"column":2}},"3":{"start":{"line":9,"column":4},"end":{"line":9,"column":40}},"4":{"start":{"line":11,"column":4},"end":{"line":11,"column":48}},"5":{"start":{"line":14,"column":0},"end":{"line":14,"column":26}},"6":{"start":{"line":16,"column":0},"end":{"line":16,"column":25}},"7":{"start":{"line":17,"column":0},"end":{"line":17,"column":36}},"8":{"start":{"line":18,"column":0},"end":{"line":18,"column":42}},"9":{"start":{"line":19,"column":0},"end":{"line":19,"column":52}},"10":{"start":{"line":21,"column":0},"end":{"line":29,"column":2}},"11":{"start":{"line":22,"column":4},"end":{"line":28,"column":7}},"12":{"start":{"line":23,"column":8},"end":{"line":25,"column":9}},"13":{"start":{"line":24,"column":12},"end":{"line":24,"column":37}},"14":{"start":{"line":27,"column":8},"end":{"line":27,"column":43}}},"branchMap":{"1":{"line":23,"type":"if","locations":[{"start":{"line":23,"column":8},"end":{"line":23,"column":8}},{"start":{"line":23,"column":8},"end":{"line":23,"column":8}}]}},"code":["var lodash = require('lodash'),","    Linter = require('./linter');","","/**"," * The htmllint namespace."," * @namespace"," */","var htmllint = function () {","    var linter = htmllint.defaultLinter;","","    return linter.lint.apply(linter, arguments);","};","","module.exports = htmllint;","","htmllint.Linter = Linter;","htmllint.rules = require('./rules');","htmllint.messages = require('./messages');","htmllint.defaultLinter = new Linter(htmllint.rules);","","htmllint.use = function (plugins) {","    plugins.forEach(function (plugin) {","        if (lodash.isString(plugin)) {","            plugin = require(plugin);","        }","","        htmllint.defaultLinter.use(plugin);","    });","};",""],"l":{"1":1,"8":1,"9":0,"11":0,"14":1,"16":1,"17":1,"18":1,"19":1,"21":1,"22":0,"23":0,"24":0,"27":0}},"/home/travis/build/npmtest/node-npmtest-htmllint/node_modules/htmllint/lib/linter.js":{"path":"/home/travis/build/npmtest/node-npmtest-htmllint/node_modules/htmllint/lib/linter.js","s":{"1":1,"2":1,"3":1,"4":1,"5":1,"6":1,"7":1,"8":1,"9":0,"10":0,"11":0,"12":1,"13":0,"14":0,"15":0,"16":0,"17":0,"18":0,"19":0,"20":0,"21":0,"22":0,"23":0,"24":1,"25":1,"26":0,"27":0,"28":0,"29":0,"30":1,"31":0,"32":0,"33":1,"34":0,"35":1,"36":0,"37":1,"38":0,"39":0,"40":0,"41":0,"42":0,"43":0,"44":0,"45":0,"46":1,"47":0,"48":0,"49":0,"50":0,"51":0,"52":0,"53":0,"54":0,"55":0,"56":0},"b":{"1":[0,0],"2":[0,0],"3":[0,0],"4":[0,0],"5":[0,0],"6":[0,0],"7":[0,0],"8":[0,0],"9":[0,0],"10":[0,0]},"f":{"1":1,"2":0,"3":0,"4":0,"5":0,"6":0,"7":0,"8":0,"9":0,"10":0,"11":0,"12":0,"13":0,"14":0,"15":0},"fnMap":{"1":{"name":"(anonymous_1)","line":14,"loc":{"start":{"line":14,"column":13},"end":{"line":14,"column":30}}},"2":{"name":"(anonymous_2)","line":25,"loc":{"start":{"line":25,"column":23},"end":{"line":25,"column":41}}},"3":{"name":"(anonymous_3)","line":27,"loc":{"start":{"line":27,"column":29},"end":{"line":27,"column":45}}},"4":{"name":"(anonymous_4)","line":37,"loc":{"start":{"line":37,"column":24},"end":{"line":37,"column":40}}},"5":{"name":"(anonymous_5)","line":59,"loc":{"start":{"line":59,"column":14},"end":{"line":59,"column":34}}},"6":{"name":"(anonymous_6)","line":65,"loc":{"start":{"line":65,"column":20},"end":{"line":65,"column":36}}},"7":{"name":"(anonymous_7)","line":74,"loc":{"start":{"line":74,"column":38},"end":{"line":74,"column":50}}},"8":{"name":"(anonymous_8)","line":75,"loc":{"start":{"line":75,"column":23},"end":{"line":75,"column":39}}},"9":{"name":"(anonymous_9)","line":80,"loc":{"start":{"line":80,"column":30},"end":{"line":80,"column":53}}},"10":{"name":"(anonymous_10)","line":84,"loc":{"start":{"line":84,"column":27},"end":{"line":84,"column":48}}},"11":{"name":"(anonymous_11)","line":88,"loc":{"start":{"line":88,"column":30},"end":{"line":88,"column":46}}},"12":{"name":"(anonymous_12)","line":91,"loc":{"start":{"line":91,"column":23},"end":{"line":91,"column":39}}},"13":{"name":"(anonymous_13)","line":105,"loc":{"start":{"line":105,"column":38},"end":{"line":105,"column":53}}},"14":{"name":"(anonymous_14)","line":107,"loc":{"start":{"line":107,"column":23},"end":{"line":107,"column":42}}},"15":{"name":"(anonymous_15)","line":113,"loc":{"start":{"line":113,"column":37},"end":{"line":113,"column":54}}}},"statementMap":{"1":{"start":{"line":1,"column":0},"end":{"line":1,"column":33}},"2":{"start":{"line":2,"column":0},"end":{"line":7,"column":46}},"3":{"start":{"line":14,"column":0},"end":{"line":18,"column":2}},"4":{"start":{"line":15,"column":4},"end":{"line":15,"column":45}},"5":{"start":{"line":16,"column":4},"end":{"line":16,"column":31}},"6":{"start":{"line":17,"column":4},"end":{"line":17,"column":43}},"7":{"start":{"line":19,"column":0},"end":{"line":19,"column":24}},"8":{"start":{"line":25,"column":0},"end":{"line":31,"column":2}},"9":{"start":{"line":26,"column":4},"end":{"line":30,"column":5}},"10":{"start":{"line":27,"column":8},"end":{"line":29,"column":22}},"11":{"start":{"line":28,"column":12},"end":{"line":28,"column":37}},"12":{"start":{"line":37,"column":0},"end":{"line":62,"column":2}},"13":{"start":{"line":38,"column":4},"end":{"line":42,"column":78}},"14":{"start":{"line":44,"column":4},"end":{"line":44,"column":30}},"15":{"start":{"line":46,"column":4},"end":{"line":46,"column":33}},"16":{"start":{"line":48,"column":4},"end":{"line":48,"column":42}},"17":{"start":{"line":49,"column":4},"end":{"line":49,"column":52}},"18":{"start":{"line":51,"column":4},"end":{"line":51,"column":50}},"19":{"start":{"line":52,"column":4},"end":{"line":52,"column":30}},"20":{"start":{"line":54,"column":4},"end":{"line":56,"column":5}},"21":{"start":{"line":55,"column":8},"end":{"line":55,"column":45}},"22":{"start":{"line":58,"column":4},"end":{"line":61,"column":11}},"23":{"start":{"line":60,"column":12},"end":{"line":60,"column":48}},"24":{"start":{"line":63,"column":0},"end":{"line":63,"column":63}},"25":{"start":{"line":65,"column":0},"end":{"line":72,"column":2}},"26":{"start":{"line":66,"column":4},"end":{"line":66,"column":54}},"27":{"start":{"line":67,"column":4},"end":{"line":67,"column":42}},"28":{"start":{"line":69,"column":4},"end":{"line":69,"column":31}},"29":{"start":{"line":71,"column":4},"end":{"line":71,"column":40}},"30":{"start":{"line":74,"column":0},"end":{"line":78,"column":2}},"31":{"start":{"line":75,"column":4},"end":{"line":77,"column":18}},"32":{"start":{"line":76,"column":8},"end":{"line":76,"column":64}},"33":{"start":{"line":80,"column":0},"end":{"line":82,"column":2}},"34":{"start":{"line":81,"column":4},"end":{"line":81,"column":75}},"35":{"start":{"line":84,"column":0},"end":{"line":86,"column":2}},"36":{"start":{"line":85,"column":4},"end":{"line":85,"column":72}},"37":{"start":{"line":88,"column":0},"end":{"line":103,"column":2}},"38":{"start":{"line":89,"column":4},"end":{"line":89,"column":20}},"39":{"start":{"line":91,"column":4},"end":{"line":100,"column":7}},"40":{"start":{"line":92,"column":8},"end":{"line":94,"column":9}},"41":{"start":{"line":93,"column":12},"end":{"line":93,"column":19}},"42":{"start":{"line":96,"column":8},"end":{"line":96,"column":36}},"43":{"start":{"line":97,"column":8},"end":{"line":99,"column":9}},"44":{"start":{"line":98,"column":12},"end":{"line":98,"column":32}},"45":{"start":{"line":102,"column":4},"end":{"line":102,"column":38}},"46":{"start":{"line":105,"column":0},"end":{"line":121,"column":2}},"47":{"start":{"line":106,"column":4},"end":{"line":106,"column":22}},"48":{"start":{"line":107,"column":4},"end":{"line":117,"column":17}},"49":{"start":{"line":108,"column":8},"end":{"line":111,"column":9}},"50":{"start":{"line":109,"column":12},"end":{"line":109,"column":35}},"51":{"start":{"line":110,"column":12},"end":{"line":110,"column":51}},"52":{"start":{"line":112,"column":8},"end":{"line":116,"column":9}},"53":{"start":{"line":113,"column":12},"end":{"line":115,"column":15}},"54":{"start":{"line":114,"column":16},"end":{"line":114,"column":36}},"55":{"start":{"line":118,"column":4},"end":{"line":120,"column":5}},"56":{"start":{"line":119,"column":8},"end":{"line":119,"column":34}}},"branchMap":{"1":{"line":26,"type":"if","locations":[{"start":{"line":26,"column":4},"end":{"line":26,"column":4}},{"start":{"line":26,"column":4},"end":{"line":26,"column":4}}]},"2":{"line":42,"type":"cond-expr","locations":[{"start":{"line":42,"column":54},"end":{"line":42,"column":62}},{"start":{"line":42,"column":65},"end":{"line":42,"column":76}}]},"3":{"line":42,"type":"binary-expr","locations":[{"start":{"line":42,"column":18},"end":{"line":42,"column":30}},{"start":{"line":42,"column":34},"end":{"line":42,"column":51}}]},"4":{"line":54,"type":"if","locations":[{"start":{"line":54,"column":4},"end":{"line":54,"column":4}},{"start":{"line":54,"column":4},"end":{"line":54,"column":4}}]},"5":{"line":92,"type":"if","locations":[{"start":{"line":92,"column":8},"end":{"line":92,"column":8}},{"start":{"line":92,"column":8},"end":{"line":92,"column":8}}]},"6":{"line":97,"type":"if","locations":[{"start":{"line":97,"column":8},"end":{"line":97,"column":8}},{"start":{"line":97,"column":8},"end":{"line":97,"column":8}}]},"7":{"line":108,"type":"if","locations":[{"start":{"line":108,"column":8},"end":{"line":108,"column":8}},{"start":{"line":108,"column":8},"end":{"line":108,"column":8}}]},"8":{"line":112,"type":"if","locations":[{"start":{"line":112,"column":8},"end":{"line":112,"column":8}},{"start":{"line":112,"column":8},"end":{"line":112,"column":8}}]},"9":{"line":112,"type":"binary-expr","locations":[{"start":{"line":112,"column":12},"end":{"line":112,"column":28}},{"start":{"line":112,"column":32},"end":{"line":112,"column":59}}]},"10":{"line":118,"type":"if","locations":[{"start":{"line":118,"column":4},"end":{"line":118,"column":4}},{"start":{"line":118,"column":4},"end":{"line":118,"column":4}}]}},"code":["var Promise = require('promise');","var lodash = require('lodash'),","    Parser = require('./parser'),","    knife = require('./knife'),","    presets = require('./presets'),","    RuleList = require('./rule_list'),","    InlineConfig = require('./inline_config');","","/**"," * A linter is configured with a set of rules that are fed the raw"," * html and ast nodes."," * @constructor"," */","var Linter = function (rules) {","    this.rules = RuleList.fromRuleMap(rules);","    this.parser = new Parser();","    this.inlineConfig = new InlineConfig();","};","module.exports = Linter;","","/**"," * Adds a plugin to the linter."," * @param {Object} plugin - the plugin to add to the linter."," */","Linter.prototype.use = function (plugin) {","    if (plugin.rules) {","        plugin.rules.forEach(function (rule) {","            this.rules.addRule(rule);","        }.bind(this));","    }","};","","/**"," * Lints the HTML with the options supplied in the environments setup."," * @param {String} html - the html as a string to lint."," */","Linter.prototype.lint = function (html) {","    var opts = Linter.getOptions(arguments),","        lines = knife.shred(html),","        dom = this.parser.parse(html),","        issues = null,","        maxerr = (!opts.maxerr && opts.maxerr !== 0 ? Infinity : opts.maxerr);","","    this.setupSubscriptions();","","    this.setupInlineConfigs(dom);","","    issues = this.lintByLine(lines, opts);","    issues = issues.concat(this.lintDom(dom, opts));","","    issues = issues.concat(this.resetRules(opts));","    this.inlineConfig.clear();","","    if (maxerr >= 0) {","        issues = lodash.take(issues, maxerr);","    }","","    return Promise.all(issues)","        .then(function (resolved) {","            return lodash.flattenDeep(resolved);","        });","};","Linter.prototype.lint = Promise.nodeify(Linter.prototype.lint);","","Linter.getOptions = function (args) {","    var optList = Array.prototype.slice.call(args, 1);","    optList = lodash.flattenDeep(optList);","","    optList.unshift('default');","","    return presets.flattenOpts(optList);","};","","Linter.prototype.setupSubscriptions = function () {","    this.rules.forEach(function (rule) {","        rule.subscribers = this.rules.getSubscribers(rule.name);","    }.bind(this));","};","","Linter.prototype.lintByLine = function (lines, opts) {","    return this.rules.getRule('line').lint(lines, opts, this.inlineConfig);","};","","Linter.prototype.lintDom = function (dom, opts) {","    return this.rules.getRule('dom').lint(dom, opts, this.inlineConfig);","};","","Linter.prototype.resetRules = function (opts) {","    var issues = [];","","    this.rules.forEach(function (rule) {","        if (!rule.end) {","            return;","        }","","        var result = rule.end(opts);","        if (result) {","            issues.push(result);","        }","    });","","    return lodash.flattenDeep(issues);","};","","Linter.prototype.setupInlineConfigs = function (dom) {","    var comments = [];","    var feedComments = function (element) {","        if (element.type === 'comment') {","            comments.push(element);","            this.inlineConfig.feedComment(element);","        }","        if (element.children && element.children.length > 0) {","            element.children.forEach(function (child) {","                feedComments(child);","            });","        }","    }.bind(this);","    if (dom.length) {","        dom.forEach(feedComments);","    }","};",""],"l":{"1":1,"2":1,"14":1,"15":1,"16":1,"17":1,"19":1,"25":1,"26":0,"27":0,"28":0,"37":1,"38":0,"44":0,"46":0,"48":0,"49":0,"51":0,"52":0,"54":0,"55":0,"58":0,"60":0,"63":1,"65":1,"66":0,"67":0,"69":0,"71":0,"74":1,"75":0,"76":0,"80":1,"81":0,"84":1,"85":0,"88":1,"89":0,"91":0,"92":0,"93":0,"96":0,"97":0,"98":0,"102":0,"105":1,"106":0,"107":0,"108":0,"109":0,"110":0,"112":0,"113":0,"114":0,"118":0,"119":0}},"/home/travis/build/npmtest/node-npmtest-htmllint/node_modules/htmllint/lib/parser/index.js":{"path":"/home/travis/build/npmtest/node-npmtest-htmllint/node_modules/htmllint/lib/parser/index.js","s":{"1":1,"2":1,"3":1,"4":1,"5":1,"6":1,"7":1,"8":1,"9":0,"10":0,"11":0,"12":0,"13":0,"14":0,"15":0,"16":0,"17":0},"b":{},"f":{"1":1,"2":0},"fnMap":{"1":{"name":"(anonymous_1)","line":5,"loc":{"start":{"line":5,"column":13},"end":{"line":5,"column":25}}},"2":{"name":"(anonymous_2)","line":22,"loc":{"start":{"line":22,"column":25},"end":{"line":22,"column":45}}}},"statementMap":{"1":{"start":{"line":1,"column":0},"end":{"line":1,"column":41}},"2":{"start":{"line":2,"column":0},"end":{"line":3,"column":32}},"3":{"start":{"line":5,"column":0},"end":{"line":19,"column":2}},"4":{"start":{"line":6,"column":4},"end":{"line":6,"column":39}},"5":{"start":{"line":10,"column":4},"end":{"line":17,"column":7}},"6":{"start":{"line":18,"column":4},"end":{"line":18,"column":44}},"7":{"start":{"line":20,"column":0},"end":{"line":20,"column":24}},"8":{"start":{"line":22,"column":0},"end":{"line":40,"column":2}},"9":{"start":{"line":23,"column":4},"end":{"line":23,"column":19}},"10":{"start":{"line":26,"column":4},"end":{"line":26,"column":36}},"11":{"start":{"line":29,"column":4},"end":{"line":29,"column":32}},"12":{"start":{"line":30,"column":4},"end":{"line":30,"column":22}},"13":{"start":{"line":32,"column":4},"end":{"line":32,"column":31}},"14":{"start":{"line":33,"column":4},"end":{"line":33,"column":30}},"15":{"start":{"line":36,"column":4},"end":{"line":36,"column":30}},"16":{"start":{"line":37,"column":4},"end":{"line":37,"column":24}},"17":{"start":{"line":39,"column":4},"end":{"line":39,"column":15}}},"branchMap":{},"code":["var htmlparser2 = require('htmlparser2');","var DomBuilder = require('./dom_builder'),","    knife = require('../knife');","","var Parser = function () {","    this.domBuilder = new DomBuilder();","","    // more information for these options can be found at:","    // https://github.com/fb55/htmlparser2/wiki/Parser-options","    this.parser = new htmlparser2.Parser(this.domBuilder, {","        decodeEntities: false,","        lowerCaseAttributeNames: false,","        lowerCaseTags: false,","        recognizeCDATA: false,","        recognizeSelfClosing: false,","        xmlNode: false","    });","    this.domBuilder.initialize(this.parser);","};","module.exports = Parser;","","Parser.prototype.parse = function (htmlText) {","    var dom = null;","","    // expose the raw html text to the dom builder and initialize","    this.domBuilder.start(htmlText);","","    // write to the parser","    this.parser.write(htmlText);","    this.parser.end();","    // htmlparser2 is insane >.>","    this.parser.startIndex = 0;","    this.parser.endIndex = -1;","","    // store the dom and reset the parser/handler","    dom = this.domBuilder.dom;","    this.parser.reset();","","    return dom;","};",""],"l":{"1":1,"2":1,"5":1,"6":1,"10":1,"18":1,"20":1,"22":1,"23":0,"26":0,"29":0,"30":0,"32":0,"33":0,"36":0,"37":0,"39":0}},"/home/travis/build/npmtest/node-npmtest-htmllint/node_modules/htmllint/lib/parser/dom_builder.js":{"path":"/home/travis/build/npmtest/node-npmtest-htmllint/node_modules/htmllint/lib/parser/dom_builder.js","s":{"1":1,"2":1,"3":1,"4":1,"5":1,"6":1,"7":1,"8":1,"9":1,"10":1,"11":1,"12":1,"13":0,"14":0,"15":0,"16":1,"17":0,"18":1,"19":0,"20":0,"21":0,"22":0,"23":1,"24":0,"25":0,"26":0,"27":0,"28":0,"29":0,"30":0,"31":0,"32":0,"33":0,"34":0,"35":0,"36":0,"37":0,"38":0,"39":0,"40":0,"41":0,"42":0,"43":0,"44":1,"45":0,"46":0,"47":0,"48":0,"49":0,"50":0,"51":0,"52":0,"53":0,"54":1,"55":0,"56":0,"57":1,"58":0,"59":0,"60":0,"61":0,"62":0,"63":0,"64":0},"b":{"1":[0,0],"2":[0,0],"3":[0,0],"4":[0,0],"5":[0,0],"6":[0,0],"7":[0,0],"8":[0,0],"9":[0,0]},"f":{"1":1,"2":1,"3":0,"4":0,"5":0,"6":0,"7":0,"8":0,"9":0,"10":0,"11":0},"fnMap":{"1":{"name":"(anonymous_1)","line":5,"loc":{"start":{"line":5,"column":17},"end":{"line":5,"column":29}}},"2":{"name":"(anonymous_2)","line":17,"loc":{"start":{"line":17,"column":34},"end":{"line":17,"column":52}}},"3":{"name":"(anonymous_3)","line":21,"loc":{"start":{"line":21,"column":29},"end":{"line":21,"column":49}}},"4":{"name":"(anonymous_4)","line":29,"loc":{"start":{"line":29,"column":31},"end":{"line":29,"column":48}}},"5":{"name":"(anonymous_5)","line":34,"loc":{"start":{"line":34,"column":35},"end":{"line":34,"column":58}}},"6":{"name":"(anonymous_6)","line":46,"loc":{"start":{"line":46,"column":33},"end":{"line":46,"column":58}}},"7":{"name":"(anonymous_7)","line":63,"loc":{"start":{"line":63,"column":14},"end":{"line":63,"column":30}}},"8":{"name":"(anonymous_8)","line":66,"loc":{"start":{"line":66,"column":17},"end":{"line":66,"column":35}}},"9":{"name":"(anonymous_9)","line":79,"loc":{"start":{"line":79,"column":34},"end":{"line":79,"column":46}}},"10":{"name":"(anonymous_10)","line":98,"loc":{"start":{"line":98,"column":47},"end":{"line":98,"column":69}}},"11":{"name":"(anonymous_11)","line":105,"loc":{"start":{"line":105,"column":38},"end":{"line":105,"column":53}}}},"statementMap":{"1":{"start":{"line":1,"column":0},"end":{"line":3,"column":32}},"2":{"start":{"line":4,"column":0},"end":{"line":11,"column":6}},"3":{"start":{"line":6,"column":8},"end":{"line":6,"column":27}},"4":{"start":{"line":7,"column":8},"end":{"line":7,"column":29}},"5":{"start":{"line":8,"column":8},"end":{"line":8,"column":28}},"6":{"start":{"line":9,"column":8},"end":{"line":9,"column":24}},"7":{"start":{"line":10,"column":8},"end":{"line":10,"column":70}},"8":{"start":{"line":12,"column":0},"end":{"line":12,"column":28}},"9":{"start":{"line":14,"column":0},"end":{"line":14,"column":38}},"10":{"start":{"line":17,"column":0},"end":{"line":19,"column":2}},"11":{"start":{"line":18,"column":4},"end":{"line":18,"column":25}},"12":{"start":{"line":21,"column":0},"end":{"line":27,"column":2}},"13":{"start":{"line":22,"column":4},"end":{"line":22,"column":29}},"14":{"start":{"line":23,"column":4},"end":{"line":23,"column":54}},"15":{"start":{"line":26,"column":4},"end":{"line":26,"column":27}},"16":{"start":{"line":29,"column":0},"end":{"line":32,"column":2}},"17":{"start":{"line":31,"column":4},"end":{"line":31,"column":16}},"18":{"start":{"line":34,"column":0},"end":{"line":43,"column":2}},"19":{"start":{"line":35,"column":4},"end":{"line":42,"column":5}},"20":{"start":{"line":36,"column":8},"end":{"line":38,"column":10}},"21":{"start":{"line":39,"column":8},"end":{"line":39,"column":34}},"22":{"start":{"line":41,"column":8},"end":{"line":41,"column":30}},"23":{"start":{"line":46,"column":0},"end":{"line":77,"column":2}},"24":{"start":{"line":47,"column":4},"end":{"line":47,"column":61}},"25":{"start":{"line":49,"column":4},"end":{"line":49,"column":56}},"26":{"start":{"line":50,"column":4},"end":{"line":50,"column":43}},"27":{"start":{"line":51,"column":4},"end":{"line":51,"column":49}},"28":{"start":{"line":51,"column":28},"end":{"line":51,"column":47}},"29":{"start":{"line":52,"column":4},"end":{"line":52,"column":27}},"30":{"start":{"line":53,"column":4},"end":{"line":53,"column":76}},"31":{"start":{"line":54,"column":4},"end":{"line":54,"column":54}},"32":{"start":{"line":56,"column":4},"end":{"line":56,"column":23}},"33":{"start":{"line":58,"column":4},"end":{"line":58,"column":34}},"34":{"start":{"line":60,"column":4},"end":{"line":60,"column":61}},"35":{"start":{"line":62,"column":4},"end":{"line":70,"column":17}},"36":{"start":{"line":64,"column":12},"end":{"line":64,"column":71}},"37":{"start":{"line":67,"column":12},"end":{"line":67,"column":40}},"38":{"start":{"line":68,"column":12},"end":{"line":68,"column":58}},"39":{"start":{"line":69,"column":12},"end":{"line":69,"column":60}},"40":{"start":{"line":72,"column":4},"end":{"line":72,"column":24}},"41":{"start":{"line":73,"column":4},"end":{"line":73,"column":25}},"42":{"start":{"line":75,"column":4},"end":{"line":75,"column":27}},"43":{"start":{"line":76,"column":4},"end":{"line":76,"column":20}},"44":{"start":{"line":79,"column":0},"end":{"line":96,"column":2}},"45":{"start":{"line":80,"column":4},"end":{"line":80,"column":56}},"46":{"start":{"line":82,"column":4},"end":{"line":93,"column":5}},"47":{"start":{"line":84,"column":8},"end":{"line":84,"column":76}},"48":{"start":{"line":85,"column":8},"end":{"line":87,"column":17}},"49":{"start":{"line":88,"column":8},"end":{"line":88,"column":48}},"50":{"start":{"line":89,"column":8},"end":{"line":91,"column":9}},"51":{"start":{"line":90,"column":12},"end":{"line":90,"column":50}},"52":{"start":{"line":92,"column":8},"end":{"line":92,"column":60}},"53":{"start":{"line":95,"column":4},"end":{"line":95,"column":47}},"54":{"start":{"line":98,"column":0},"end":{"line":103,"column":2}},"55":{"start":{"line":101,"column":4},"end":{"line":101,"column":35}},"56":{"start":{"line":102,"column":4},"end":{"line":102,"column":72}},"57":{"start":{"line":105,"column":0},"end":{"line":114,"column":2}},"58":{"start":{"line":106,"column":4},"end":{"line":109,"column":5}},"59":{"start":{"line":108,"column":8},"end":{"line":108,"column":54}},"60":{"start":{"line":110,"column":4},"end":{"line":110,"column":39}},"61":{"start":{"line":111,"column":4},"end":{"line":111,"column":45}},"62":{"start":{"line":111,"column":28},"end":{"line":111,"column":43}},"63":{"start":{"line":112,"column":4},"end":{"line":112,"column":46}},"64":{"start":{"line":113,"column":4},"end":{"line":113,"column":56}}},"branchMap":{"1":{"line":35,"type":"if","locations":[{"start":{"line":35,"column":4},"end":{"line":35,"column":4}},{"start":{"line":35,"column":4},"end":{"line":35,"column":4}}]},"2":{"line":51,"type":"if","locations":[{"start":{"line":51,"column":4},"end":{"line":51,"column":4}},{"start":{"line":51,"column":4},"end":{"line":51,"column":4}}]},"3":{"line":82,"type":"if","locations":[{"start":{"line":82,"column":4},"end":{"line":82,"column":4}},{"start":{"line":82,"column":4},"end":{"line":82,"column":4}}]},"4":{"line":82,"type":"binary-expr","locations":[{"start":{"line":82,"column":8},"end":{"line":82,"column":11}},{"start":{"line":82,"column":15},"end":{"line":82,"column":45}}]},"5":{"line":85,"type":"cond-expr","locations":[{"start":{"line":86,"column":14},"end":{"line":86,"column":83}},{"start":{"line":87,"column":14},"end":{"line":87,"column":16}}]},"6":{"line":89,"type":"if","locations":[{"start":{"line":89,"column":8},"end":{"line":89,"column":8}},{"start":{"line":89,"column":8},"end":{"line":89,"column":8}}]},"7":{"line":89,"type":"binary-expr","locations":[{"start":{"line":89,"column":12},"end":{"line":89,"column":28}},{"start":{"line":89,"column":32},"end":{"line":89,"column":63}}]},"8":{"line":106,"type":"if","locations":[{"start":{"line":106,"column":4},"end":{"line":106,"column":4}},{"start":{"line":106,"column":4},"end":{"line":106,"column":4}}]},"9":{"line":111,"type":"if","locations":[{"start":{"line":111,"column":4},"end":{"line":111,"column":4}},{"start":{"line":111,"column":4},"end":{"line":111,"column":4}}]}},"code":["var htmlparser2 = require('htmlparser2'),","    util = require('util'),","    knife = require('../knife');","var DomHandler = htmlparser2.DomHandler,","    DomBuilder = function () {","        this.parser = null;","        this.attributes = {};","        this.attribArr = [];","        this.dupes = [];","        DomHandler.apply(this, Array.prototype.slice.call(arguments));","    };","module.exports = DomBuilder;","","util.inherits(DomBuilder, DomHandler);","","// NOTE: this must be called before parsing begins","DomBuilder.prototype.initialize = function (parser) {","    this.parser = parser;","};","","DomBuilder.prototype.start = function (htmlText) {","    this.htmlText = htmlText;","    this.lineColFunc = knife.getLineColFunc(htmlText);","    // When a tag has no close, startIndex is too large by 3 for the","    // next calls to onopentag and _addDomElement. Keep track of this.","    this.was_closed = true;","};","","DomBuilder.prototype.onerror = function (error) {","    // TODO: actually bubble this up or queue errors","    throw error;","};","","DomBuilder.prototype.onattribute = function (name, value) {","    if (!this.attributes[name]) {","        this.attributes[name] = {","            value: value","        };","        this.attribArr.push(name);","    } else {","        this.dupes.push(name);","    }","};","","/*eslint-disable no-underscore-dangle*/","DomBuilder.prototype.onopentag = function (name, attribs) {","    DomHandler.prototype.onopentag.call(this, name, attribs);","","    var ele = this._tagStack[this._tagStack.length - 1];","    ele.openIndex = this.parser.startIndex;","    if (!this.was_closed) { ele.openIndex -= 3; }","    this.was_closed = true;","    ele.open = this.htmlText.slice(ele.openIndex + 1, this.parser.endIndex);","    ele.openLineCol = this.lineColFunc(ele.openIndex);","    // remove duplicate data","    delete ele.lineCol;","","    ele.attribs = this.attributes;","    //ele.attribsArr = this.attribArr;","    knife.inputIndices(ele.attribs, ele.open, ele.openIndex);","","    this.attribArr","        .sort(function (a, b) {","            return ele.attribs[a].nameIndex - ele.attribs[b].nameIndex;","        })","        .forEach(function (attrib) {","            var a = ele.attribs[attrib];","            a.nameLineCol = this.lineColFunc(a.nameIndex);","            a.valueLineCol = this.lineColFunc(a.valueIndex);","        }, this);","","    this.attribArr = [];","    this.attributes = {};","","    ele.dupes = this.dupes;","    this.dupes = [];","};","","DomBuilder.prototype.onclosetag = function () {","    var ele = this._tagStack[this._tagStack.length - 1];","","    if (ele && !knife.isVoidElement(ele.name)) {","        // Mercifully, no whitespace is allowed between < and /","        this.was_closed = this.htmlText[this.parser.startIndex + 1] === '/';","        ele.close = this.was_closed","            ? this.htmlText.slice(this.parser.startIndex + 2, this.parser.endIndex)","            : '';","        ele.closeIndex = this.parser.startIndex;","        if (!this.was_closed && ele.closeIndex == ele.openIndex) {","            ele.closeIndex += ele.open.length + 1;","        }","        ele.closeLineCol = this.lineColFunc(ele.closeIndex);","    }","","    DomHandler.prototype.onclosetag.call(this);","};","","DomBuilder.prototype.onprocessinginstruction = function (name, data) {","    // htmlparser2 doesn't normally update the position when processing","    // declarations or processing directives (<!doctype ...> or <?...> elements)","    this.parser._updatePosition(2);","    DomHandler.prototype.onprocessinginstruction.call(this, name, data);","};","","DomBuilder.prototype._addDomElement = function (ele) {","    if (!this.parser) {","        // TODO: rewrite error msg","        throw new Error('stop being a bone head >.<');","    }","    ele.index = this.parser.startIndex;","    if (!this.was_closed) { ele.index -= 3; }","    ele.lineCol = this.lineColFunc(ele.index);","    DomHandler.prototype._addDomElement.call(this, ele);","};","/*eslint-enable no-underscore-dangle*/",""],"l":{"1":1,"4":1,"6":1,"7":1,"8":1,"9":1,"10":1,"12":1,"14":1,"17":1,"18":1,"21":1,"22":0,"23":0,"26":0,"29":1,"31":0,"34":1,"35":0,"36":0,"39":0,"41":0,"46":1,"47":0,"49":0,"50":0,"51":0,"52":0,"53":0,"54":0,"56":0,"58":0,"60":0,"62":0,"64":0,"67":0,"68":0,"69":0,"72":0,"73":0,"75":0,"76":0,"79":1,"80":0,"82":0,"84":0,"85":0,"88":0,"89":0,"9
[...]
{"line":7,"column":2}},"3":{"start":{"line":9,"column":0},"end":{"line":33,"column":2}},"4":{"start":{"line":11,"column":4},"end":{"line":30,"column":5}},"5":{"start":{"line":13,"column":8},"end":{"line":25,"column":9}},"6":{"start":{"line":14,"column":12},"end":{"line":14,"column":57}},"7":{"start":{"line":15,"column":12},"end":{"line":15,"column":47}},"8":{"start":{"line":16,"column":12},"end":{"line":20,"column":13}},"9":{"start":{"line":18,"column":16},"end":{"line":19,"column":50}},"10":{"start":{"line":22,"column":12},"end":{"line":24,"column":13}},"11":{"start":{"line":23,"column":16},"end":{"line":23,"column":62}},"12":{"start":{"line":27,"column":8},"end":{"line":29,"column":9}},"13":{"start":{"line":28,"column":12},"end":{"line":28,"column":59}},"14":{"start":{"line":32,"column":4},"end":{"line":32,"column":14}}},"branchMap":{"1":{"line":11,"type":"if","locations":[{"start":{"line":11,"column":4},"end":{"line":11,"column":4}},{"start":{"line":11,"column":4},"end":{"line":11,"column":4}}]},"2":{"line":11,"type":"binary-expr","locations":[{"start":{"line":11,"column":8},"end":{"line":11,"column":22}},{"start":{"line":12,"column":8},"end":{"line":12,"column":66}}]},"3":{"line":13,"type":"if","locations":[{"start":{"line":13,"column":8},"end":{"line":13,"column":8}},{"start":{"line":13,"column":8},"end":{"line":13,"column":8}}]},"4":{"line":16,"type":"if","locations":[{"start":{"line":16,"column":12},"end":{"line":16,"column":12}},{"start":{"line":16,"column":12},"end":{"line":16,"column":12}}]},"5":{"line":16,"type":"binary-expr","locations":[{"start":{"line":16,"column":17},"end":{"line":16,"column":34}},{"start":{"line":16,"column":38},"end":{"line":16,"column":48}},{"start":{"line":17,"column":17},"end":{"line":17,"column":33}},{"start":{"line":17,"column":37},"end":{"line":17,"column":46}}]},"6":{"line":22,"type":"if","locations":[{"start":{"line":22,"column":12},"end":{"line":22,"column":12}},{"start":{"line":22,"column":12},"end":{"line":22,"column":12}}]},"7":{"line":27,"type":"if","locations":[{"start":{"line":27,"column":8},"end":{"line":27,"column":8}},{"start":{"line":27,"column":8},"end":{"line":27,"column":8}}]},"8":{"line":27,"type":"binary-expr","locations":[{"start":{"line":27,"column":12},"end":{"line":27,"column":34}},{"start":{"line":27,"column":38},"end":{"line":27,"column":68}}]}},"code":["var knife = require('../knife'),","    Issue = require('../issue');","","module.exports = {","    name: 'tag-close',","    on: ['tag']","};","","module.exports.lint = function (element, opts) {","    // If the tag did not close itself","    if (!element.close ||","        element.name.toLowerCase() !== element.close.toLowerCase()) {","        if (knife.isVoidElement(element.name)) {","            var selfClose = knife.isSelfClosing(element);","            var style = opts['tag-self-close'];","            if ((style == 'always' && !selfClose) ||","                (style == 'never' && selfClose)) {","                return new Issue('E018', element.openLineCol,","                                 {expect: style});","            }","        } else {","            if (opts['tag-close']) {","                return new Issue('E042', element.openLineCol);","            }","        }","    } else {","        if (opts['tag-name-match'] && element.name !== element.close) {","            return new Issue('E030', element.closeLineCol);","        }","    }","","    return [];","};",""],"l":{"1":1,"4":1,"9":1,"11":0,"13":0,"14":0,"15":0,"16":0,"18":0,"22":0,"23":0,"27":0,"28":0,"32":0}},"/home/travis/build/npmtest/node-npmtest-htmllint/node_modules/htmllint/lib/rules/tag-name-lowercase.js":{"path":"/home/travis/build/npmtest/node-npmtest-htmllint/node_modules/htmllint/lib/rules/tag-name-lowercase.js","s":{"1":1,"2":1,"3":1,"4":1,"5":0,"6":0,"7":0},"b":{"1":[0,0],"2":[0,0]},"f":{"1":0},"fnMap":{"1":{"name":"(anonymous_1)","line":10,"loc":{"start":{"line":10,"column":22},"end":{"line":10,"column":47}}}},"statementMap":{"1":{"start":{"line":1,"column":0},"end":{"line":1,"column":32}},"2":{"start":{"line":3,"column":0},"end":{"line":6,"column":2}},"3":{"start":{"line":8,"column":0},"end":{"line":8,"column":30}},"4":{"start":{"line":10,"column":0},"end":{"line":16,"column":2}},"5":{"start":{"line":11,"column":4},"end":{"line":13,"column":5}},"6":{"start":{"line":12,"column":8},"end":{"line":12,"column":18}},"7":{"start":{"line":15,"column":4},"end":{"line":15,"column":50}}},"branchMap":{"1":{"line":11,"type":"if","locations":[{"start":{"line":11,"column":4},"end":{"line":11,"column":4}},{"start":{"line":11,"column":4},"end":{"line":11,"column":4}}]},"2":{"line":11,"type":"binary-expr","locations":[{"start":{"line":11,"column":8},"end":{"line":11,"column":24}},{"start":{"line":11,"column":28},"end":{"line":11,"column":61}}]}},"code":["var Issue = require('../issue');","","module.exports = {","    name: 'tag-name-lowercase',","    on: ['tag']","};","","var uppercaseMask = (/[A-Z]/);","","module.exports.lint = function (element, opts) {","    if (!opts[this.name] || !uppercaseMask.test(element.name)) {","        return [];","    }","","    return new Issue('E017', element.openLineCol);","};",""],"l":{"1":1,"3":1,"8":1,"10":1,"11":0,"12":0,"15":0}},"/home/travis/build/npmtest/node-npmtest-htmllint/node_modules/htmllint/lib/rules/tag.js":{"path":"/home/travis/build/npmtest/node-npmtest-htmllint/node_modules/htmllint/lib/rules/tag.js","s":{"1":1,"2":1,"3":1,"4":0,"5":0,"6":0},"b":{},"f":{"1":0},"fnMap":{"1":{"name":"(anonymous_1)","line":9,"loc":{"start":{"line":9,"column":22},"end":{"line":9,"column":46}}}},"statementMap":{"1":{"start":{"line":1,"column":0},"end":{"line":1,"column":32}},"2":{"start":{"line":3,"column":0},"end":{"line":7,"column":2}},"3":{"start":{"line":9,"column":0},"end":{"line":14,"column":2}},"4":{"start":{"line":10,"column":4},"end":{"line":10,"column":62}},"5":{"start":{"line":12,"column":4},"end":{"line":12,"column":45}},"6":{"start":{"line":13,"column":4},"end":{"line":13,"column":46}}},"branchMap":{},"code":["var knife = require('../knife');","","module.exports = {","    name: 'tag',","    on: ['dom'],","    filter: ['tag']","};","","module.exports.lint = function(element, opts) {","    var matcher = knife.matchFilter.bind(knife, element.name);","","    var s = this.subscribers.filter(matcher);","    return knife.applyRules(s, element, opts);","};",""],"l":{"1":1,"3":1,"9":1,"10":0,"12":0,"13":0}},"/home/travis/build/npmtest/node-npmtest-htmllint/node_modules/htmllint/lib/messages.js":{"path":"/home/travis/build/npmtest/node-npmtest-htmllint/node_modules/htmllint/lib/messages.js","s":{"1":1,"2":1,"3":1,"4":1,"5":48,"6":1,"7":0,"8":0,"9":1,"10":0},"b":{},"f":{"1":48,"2":0,"3":0},"fnMap":{"1":{"name":"(anonymous_1)","line":56,"loc":{"start":{"line":56,"column":22},"end":{"line":56,"column":46}}},"2":{"name":"(anonymous_2)","line":63,"loc":{"start":{"line":63,"column":27},"end":{"line":63,"column":49}}},"3":{"name":"(anonymous_3)","line":69,"loc":{"start":{"line":69,"column":29},"end":{"line":69,"column":46}}}},"statementMap":{"1":{"start":{"line":1,"column":0},"end":{"line":1,"column":31}},"2":{"start":{"line":3,"column":0},"end":{"line":52,"column":2}},"3":{"start":{"line":54,"column":0},"end":{"line":54,"column":27}},"4":{"start":{"line":56,"column":0},"end":{"line":61,"column":3}},"5":{"start":{"line":57,"column":4},"end":{"line":60,"column":6}},"6":{"start":{"line":63,"column":0},"end":{"line":67,"column":2}},"7":{"start":{"line":64,"column":4},"end":{"line":64,"column":30}},"8":{"start":{"line":66,"column":4},"end":{"line":66,"column":41}},"9":{"start":{"line":69,"column":0},"end":{"line":71,"column":2}},"10":{"start":{"line":70,"column":4},"end":{"line":70,"column":50}}},"branchMap":{},"code":["var lodash = require('lodash');","","var errors = {","    E000: 'not a valid error code',","    E001: 'the `<%= attribute %>` attribute is banned',","    E002: 'attribute names must match the format: <%= format %>',","    E003: 'duplicate attribute: <%= attribute %>',","    E004: 'attribute values must not include unsafe characters',","    E005: 'the `<%= attribute %>` attribute is not <%= format %>',","    E006: 'attribute values cannot be empty',","    E007: '<!DOCTYPE> should be the first element seen',","    E008: 'the doctype must conform to the HTML5 standard',","    E009: 'use only <%= format %> links',","    E010: 'ids and classes may not use the word \"ad\"',","    E011: 'value must match the format: <%= format %>',","    E012: 'the id \"<%= id %>\" is already in use',","    E013: 'the `alt` property must be set for image tags',","    E014: 'a source must be given for each `img` tag',","    E015: 'line ending does not match format: <%= format %>',","    E016: 'the <%= tag %> tag is banned',","    E017: 'tag names must be lowercase',","    E018: 'void element should <%= expect %> close itself',","    E019: 'all labels should have a `for` attribute',","    E020: 'label does not have a `for` attribute or a labeable child',","    E021: 'an element with the id \"<%= id %>\" does not exist (should match `for` attribute)',","    E022: 'the linked element is not labeable (id: <%= id %>)',","    E023: '<%= part %> contains improperly escaped characters: <%= chars %>',","    E024: '<%= type %> not allowed',","    E025: 'html element should specify the language of the page',","    E026: '<%= op %> (all focusable elements on a page must either have a positive tabindex or none at all)',","    E027: 'the <head> tag must contain a title',","    E028: 'the <head> tag can only contain one title; <%= num %> given',","    E029: 'title \"<%= title %>\" exceeds maximum length of <%= maxlength %>',","    E030: 'tag start and end must match',","    E031: 'table must have a caption for accessibility',","    E032: 'figure must have a figcaption, figcaption must be in a figure (for accessibility)',","    E033: 'input with id: <%= idValue %> (or if type is text, name: <%= nameValue %>) is not associated with a label for accessibility',","    E034: 'radio input must have an associated name',","    E035: 'table must have a header for accessibility',","    E036: 'indenting spaces must be used in groups of <%= width %>',","    E037: 'attributes for one tag on the one line should be limited to <%= limit %>',","    E038: 'lang attribute <%= lang %> is not valid',","    E039: 'lang attribute <%= lang %> in not properly capitalized',","    E040: 'line length should not exceed <%= maxlength %> characters (current: <%= length %>)',","    E041: 'duplicate class: <%= classes %>',","    E042: 'tag is not closed',","    E043: 'attribute <%= attribute => should come before <%= previous =>',","    E044: 'only <head> and <body> may be children of <html>',","    E045: 'tags in <html> may not be duplicated',","    E046: '<head> tag must come before <body> in <html>',","    E047: 'the only tags allowed in the <head> are base, link, meta, noscript, script, style, template, and title'","};","","module.exports.errors = {};","","lodash.forOwn(errors, function (format, code) {","    module.exports.errors[code] = {","        format: format,","        code: code","    };","});","","module.exports.renderMsg = function (code, data) {","    var format = errors[code];","","    return lodash.template(format)(data);","};","","module.exports.renderIssue = function (issue) {","    return this.renderMsg(issue.code, issue.data);","};",""],"l":{"1":1,"3":1,"54":1,"56":1,"57":48,"63":1,"64":0,"66":0,"69":1,"70":0}},"/home/travis/build/npmtest/node-npmtest-htmllint/node_modules/htmllint/gulpfile.js":{"path":"/home/travis/build/npmtest/node-npmtest-htmllint/node_modules/htmllint/gulpfile.js","s":{"1":2,"2":0,"3":0,"4":0,"5":0,"6":0,"7":0,"8":0,"9":0,"10":0,"11":0,"12":0,"13":0,"14":0,"15":0,"16":0,"17":0,"18":0,"19":0,"20":0,"21":0,"22":0,"23":0,"24":0,"25":0,"26":0},"b":{},"f":{"1":0,"2":0,"3":0,"4":0,"5":0,"6":0,"7":0,"8":0},"fnMap":{"1":{"name":"(anonymous_1)","line":17,"loc":{"start":{"line":17,"column":18},"end":{"line":17,"column":30}}},"2":{"name":"(anonymous_2)","line":25,"loc":{"start":{"line":25,"column":28},"end":{"line":25,"column":40}}},"3":{"name":"(anonymous_3)","line":34,"loc":{"start":{"line":34,"column":22},"end":{"line":34,"column":38}}},"4":{"name":"(anonymous_4)","line":42,"loc":{"start":{"line":42,"column":32},"end":{"line":42,"column":48}}},"5":{"name":"(anonymous_5)","line":59,"loc":{"start":{"line":59,"column":19},"end":{"line":59,"column":31}}},"6":{"name":"(anonymous_6)","line":66,"loc":{"start":{"line":66,"column":19},"end":{"line":66,"column":31}}},"7":{"name":"(anonymous_7)","line":94,"loc":{"start":{"line":94,"column":34},"end":{"line":94,"column":46}}},"8":{"name":"(anonymous_8)","line":102,"loc":{"start":{"line":102,"column":38},"end":{"line":102,"column":50}}}},"statementMap":{"1":{"start":{"line":1,"column":0},"end":{"line":7,"column":39}},"2":{"start":{"line":9,"column":0},"end":{"line":14,"column":2}},"3":{"start":{"line":15,"column":0},"end":{"line":15,"column":55}},"4":{"start":{"line":17,"column":0},"end":{"line":21,"column":3}},"5":{"start":{"line":18,"column":4},"end":{"line":20,"column":22}},"6":{"start":{"line":25,"column":0},"end":{"line":31,"column":3}},"7":{"start":{"line":26,"column":4},"end":{"line":30,"column":31}},"8":{"start":{"line":34,"column":0},"end":{"line":39,"column":3}},"9":{"start":{"line":35,"column":4},"end":{"line":38,"column":28}},"10":{"start":{"line":42,"column":0},"end":{"line":55,"column":3}},"11":{"start":{"line":45,"column":4},"end":{"line":45,"column":34}},"12":{"start":{"line":46,"column":4},"end":{"line":46,"column":49}},"13":{"start":{"line":47,"column":4},"end":{"line":47,"column":39}},"14":{"start":{"line":49,"column":4},"end":{"line":54,"column":25}},"15":{"start":{"line":59,"column":0},"end":{"line":63,"column":3}},"16":{"start":{"line":60,"column":4},"end":{"line":60,"column":33}},"17":{"start":{"line":61,"column":4},"end":{"line":62,"column":35}},"18":{"start":{"line":66,"column":0},"end":{"line":90,"column":3}},"19":{"start":{"line":67,"column":4},"end":{"line":67,"column":38}},"20":{"start":{"line":68,"column":4},"end":{"line":89,"column":12}},"21":{"start":{"line":92,"column":0},"end":{"line":92,"column":32}},"22":{"start":{"line":94,"column":0},"end":{"line":99,"column":3}},"23":{"start":{"line":95,"column":4},"end":{"line":98,"column":12}},"24":{"start":{"line":102,"column":0},"end":{"line":105,"column":3}},"25":{"start":{"line":103,"column":4},"end":{"line":104,"column":27}},"26":{"start":{"line":107,"column":0},"end":{"line":110,"column":3}}},"branchMap":{},"code":["var gulp = require('gulp'),","    coveralls = require('gulp-coveralls'),","    eslint = require('gulp-eslint'),","    jscs = require('gulp-jscs'),","    istanbul = require('gulp-istanbul'),","    mocha = require('gulp-mocha'),","    publish = require('gulp-gh-pages');","","var paths = {","    src: ['./lib/**/*.js'],","    testUnit: './test/unit/*.js',","    testFunc: './test/functional/*.js',","    site: ['./site/**/*']","};","paths.test = [].concat(paths.testUnit, paths.testFunc);","","gulp.task('jscs', function () {","    gulp.src(paths.src","             .concat(paths.test))","        .pipe(jscs());","});","","// lints javascript files with eslint","// edit .eslintrc for configuration","gulp.task('lint', ['jscs'], function () {","    return gulp.src(paths.src","             .concat(paths.test)","             .concat('./gulpfile.js'))","        .pipe(eslint())","        .pipe(eslint.format());","});","","// instruments js source code for coverage reporting","gulp.task('istanbul', function (done) {","    gulp.src(paths.src)","        .pipe(istanbul())","        .pipe(istanbul.hookRequire())","        .on('finish', done);","});","","// runs mocha tests","gulp.task('test', ['istanbul'], function (done) {","    // expose globals here for now","    // move these into their own file if they grow","    global.chai = require('chai');","    global.chai.use(require('chai-as-promised'));","    global.expect = global.chai.expect;","","    gulp.src(paths.test, {read:false})","        .pipe(mocha({","            reporter: 'list'","        }))","        .pipe(istanbul.writeReports())","        .on('end', done);","});","","// plato report","// TODO: think bout this a bit more","gulp.task('plato', function () {","    var plato = require('plato');","    gulp.src(paths.src)","        .pipe(plato('report', {}));","});","","// jsdoc generation","gulp.task('jsdoc', function () {","    var jsdoc = require('gulp-jsdoc');","    gulp.src(paths.src.concat('README.md'))","        .pipe(jsdoc.parser({","            plugins: [","                'plugins/escapeHtml',","                'plugins/markdown'","            ],","            markdown: {","                parser: 'gfm',","                githubRepoOwner: 'htmllint',","                githubRepoName: 'htmllint'","            }","        }))","        .pipe(jsdoc.generator('./site/api', {","            // template","            path: 'ink-docstrap',","            theme: 'cerulean',","            systemName: 'htmllint',","            navType: 'vertical',","            linenums: true,","            inverseNav: true,","            outputSourceFiles: true","        }));","});","","gulp.task('doc:gen', ['jsdoc']);","","gulp.task('doc:pub', ['doc:gen'], function () {","    gulp.src(paths.site)","        .pipe(publish({","            cacheDir: '.tmp'","        }));","});","","// runs on travis ci (lints, tests, and uploads to coveralls)","gulp.task('travis', ['lint', 'test'], function () {","    gulp.src('coverage/**/lcov.info')","        .pipe(coveralls());","});","","gulp.task('default', [","    'lint',","    'test'","]);",""],"l":{"1":2,"9":0,"15":0,"17":0,"18":0,"25":0,"26":0,"34":0,"35":0,"42":0,"45":0,"46":0,"47":0,"49":0,"59":0,"60":0,"61":0,"66":0,"67":0,"68":0,"92":0,"94":0,"95":0,"102":0,"103":0,"107":0}},"/home/travis/build/npmtest/node-npmtest-htmllint/node_modules/htmllint/repl.js":{"path":"/home/travis/build/npmtest/node-npmtest-htmllint/node_modules/htmllint/repl.js","s":{"1":1,"2":1,"3":1,"4":1,"5":1,"6":0,"7":1,"8":0,"9":0,"10":0,"11":0,"12":1,"13":1},"b":{},"f":{"1":0,"2":0},"fnMap":{"1":{"name":"(anonymous_1)","line":11,"loc":{"start":{"line":11,"column":11},"end":{"line":11,"column":23}}},"2":{"name":"handler","line":14,"loc":{"start":{"line":14,"column":4},"end":{"line":14,"column":29}}}},"statementMap":{"1":{"start":{"line":3,"column":0},"end":{"line":3,"column":27}},"2":{"start":{"line":4,"column":0},"end":{"line":4,"column":36}},"3":{"start":{"line":6,"column":0},"end":{"line":6,"column":29}},"4":{"start":{"line":9,"column":0},"end":{"line":9,"column":24}},"5":{"start":{"line":11,"column":0},"end":{"line":22,"column":2}},"6":{"start":{"line":12,"column":4},"end":{"line":12,"column":62}},"7":{"start":{"line":14,"column":4},"end":{"line":19,"column":5}},"8":{"start":{"line":15,"column":8},"end":{"line":15,"column":26}},"9":{"start":{"line":17,"column":8},"end":{"line":17,"column":28}},"10":{"start":{"line":18,"column":8},"end":{"line":18,"column":65}},"11":{"start":{"line":21,"column":4},"end":{"line":21,"column":35}},"12":{"start":{"line":25,"column":0},"end":{"line":25,"column":47}},"13":{"start":{"line":26,"column":0},"end":{"line":26,"column":38}}},"branchMap":{},"code":["//#!/usr/bin/env node","","var repl = require('repl');","var ctx = repl.start('>> ').context;","","var htmllint = require('./');","","// export stuff to use in the repl","ctx.htmllint = htmllint;","","ctx.lint = function () {","    var promise = ctx.htmllint.apply(ctx.htmllint, arguments);","","    function handler(result) {","        ctx['_'] = result;","","        console.log(result);","        console.log('You can access the results in the \"_\" obj');","    }","","    promise.then(handler, handler);","};","","","var parser = ctx.htmllint.defaultLinter.parser;","ctx.parse = parser.parse.bind(parser);",""],"l":{"3":1,"4":1,"6":1,"9":1,"11":1,"12":0,"14":1,"15":0,"17":0,"18":0,"21":0,"25":1,"26":1}}}